[2021-04-07 11:04:06] local.ERROR: SQLSTATE[HY000] [2002] No connection could be made because the target machine actively refused it.
 (SQL: select * from `oauth_access_tokens` where `id` = 37ac9d541dc137cce53ffbdbf15f2bce0ef5703359ea7e78bc9fa6fc47c979aa17dacd976940e51b limit 1) {"exception":"[object] (Illuminate\\Database\\QueryException(code: 2002): SQLSTATE[HY000] [2002] No connection could be made because the target machine actively refused it.
 (SQL: select * from `oauth_access_tokens` where `id` = 37ac9d541dc137cce53ffbdbf15f2bce0ef5703359ea7e78bc9fa6fc47c979aa17dacd976940e51b limit 1) at C:\\Users\\Motamed\\Desktop\\GraduationProject\\AppApi\\vendor\\laravel\\framework\\src\\Illuminate\\Database\\Connection.php:678)
[stacktrace]
#0 C:\\Users\\Motamed\\Desktop\\GraduationProject\\AppApi\\vendor\\laravel\\framework\\src\\Illuminate\\Database\\Connection.php(638): Illuminate\\Database\\Connection->runQueryCallback('select * from `...', Array, Object(Closure))
#1 C:\\Users\\Motamed\\Desktop\\GraduationProject\\AppApi\\vendor\\laravel\\framework\\src\\Illuminate\\Database\\Connection.php(346): Illuminate\\Database\\Connection->run('select * from `...', Array, Object(Closure))
#2 C:\\Users\\Motamed\\Desktop\\GraduationProject\\AppApi\\vendor\\laravel\\framework\\src\\Illuminate\\Database\\Query\\Builder.php(2313): Illuminate\\Database\\Connection->select('select * from `...', Array, true)
#3 C:\\Users\\Motamed\\Desktop\\GraduationProject\\AppApi\\vendor\\laravel\\framework\\src\\Illuminate\\Database\\Query\\Builder.php(2301): Illuminate\\Database\\Query\\Builder->runSelect()
#4 C:\\Users\\Motamed\\Desktop\\GraduationProject\\AppApi\\vendor\\laravel\\framework\\src\\Illuminate\\Database\\Query\\Builder.php(2796): Illuminate\\Database\\Query\\Builder->Illuminate\\Database\\Query\\{closure}()
#5 C:\\Users\\Motamed\\Desktop\\GraduationProject\\AppApi\\vendor\\laravel\\framework\\src\\Illuminate\\Database\\Query\\Builder.php(2302): Illuminate\\Database\\Query\\Builder->onceWithColumns(Array, Object(Closure))
#6 C:\\Users\\Motamed\\Desktop\\GraduationProject\\AppApi\\vendor\\laravel\\framework\\src\\Illuminate\\Database\\Eloquent\\Builder.php(588): Illuminate\\Database\\Query\\Builder->get(Array)
#7 C:\\Users\\Motamed\\Desktop\\GraduationProject\\AppApi\\vendor\\laravel\\framework\\src\\Illuminate\\Database\\Eloquent\\Builder.php(572): Illuminate\\Database\\Eloquent\\Builder->getModels(Array)
#8 C:\\Users\\Motamed\\Desktop\\GraduationProject\\AppApi\\vendor\\laravel\\framework\\src\\Illuminate\\Database\\Concerns\\BuildsQueries.php(170): Illuminate\\Database\\Eloquent\\Builder->get(Array)
#9 C:\\Users\\Motamed\\Desktop\\GraduationProject\\AppApi\\vendor\\laravel\\passport\\src\\TokenRepository.php(28): Illuminate\\Database\\Eloquent\\Builder->first()
#10 C:\\Users\\Motamed\\Desktop\\GraduationProject\\AppApi\\vendor\\laravel\\passport\\src\\TokenRepository.php(100): Laravel\\Passport\\TokenRepository->find('37ac9d541dc137c...')
#11 C:\\Users\\Motamed\\Desktop\\GraduationProject\\AppApi\\vendor\\laravel\\passport\\src\\Bridge\\AccessTokenRepository.php(88): Laravel\\Passport\\TokenRepository->isAccessTokenRevoked('37ac9d541dc137c...')
#12 C:\\Users\\Motamed\\Desktop\\GraduationProject\\AppApi\\vendor\\league\\oauth2-server\\src\\AuthorizationValidators\\BearerTokenValidator.php(115): Laravel\\Passport\\Bridge\\AccessTokenRepository->isAccessTokenRevoked('37ac9d541dc137c...')
#13 C:\\Users\\Motamed\\Desktop\\GraduationProject\\AppApi\\vendor\\league\\oauth2-server\\src\\ResourceServer.php(84): League\\OAuth2\\Server\\AuthorizationValidators\\BearerTokenValidator->validateAuthorization(Object(Nyholm\\Psr7\\ServerRequest))
#14 C:\\Users\\Motamed\\Desktop\\GraduationProject\\AppApi\\vendor\\laravel\\passport\\src\\Guards\\TokenGuard.php(204): League\\OAuth2\\Server\\ResourceServer->validateAuthenticatedRequest(Object(Nyholm\\Psr7\\ServerRequest))
#15 C:\\Users\\Motamed\\Desktop\\GraduationProject\\AppApi\\vendor\\laravel\\passport\\src\\Guards\\TokenGuard.php(147): Laravel\\Passport\\Guards\\TokenGuard->getPsrRequestViaBearerToken(Object(Illuminate\\Http\\Request))
#16 C:\\Users\\Motamed\\Desktop\\GraduationProject\\AppApi\\vendor\\laravel\\passport\\src\\Guards\\TokenGuard.php(110): Laravel\\Passport\\Guards\\TokenGuard->authenticateViaBearerToken(Object(Illuminate\\Http\\Request))
#17 C:\\Users\\Motamed\\Desktop\\GraduationProject\\AppApi\\vendor\\laravel\\passport\\src\\PassportServiceProvider.php(308): Laravel\\Passport\\Guards\\TokenGuard->user(Object(Illuminate\\Http\\Request))
#18 [internal function]: Laravel\\Passport\\PassportServiceProvider->Laravel\\Passport\\{closure}(Object(Illuminate\\Http\\Request), NULL)
#19 C:\\Users\\Motamed\\Desktop\\GraduationProject\\AppApi\\vendor\\laravel\\framework\\src\\Illuminate\\Auth\\RequestGuard.php(58): call_user_func(Object(Closure), Object(Illuminate\\Http\\Request), NULL)
#20 C:\\Users\\Motamed\\Desktop\\GraduationProject\\AppApi\\vendor\\laravel\\framework\\src\\Illuminate\\Auth\\GuardHelpers.php(60): Illuminate\\Auth\\RequestGuard->user()
#21 C:\\Users\\Motamed\\Desktop\\GraduationProject\\AppApi\\vendor\\laravel\\framework\\src\\Illuminate\\Auth\\Middleware\\Authenticate.php(63): Illuminate\\Auth\\RequestGuard->check()
#22 C:\\Users\\Motamed\\Desktop\\GraduationProject\\AppApi\\vendor\\laravel\\framework\\src\\Illuminate\\Auth\\Middleware\\Authenticate.php(42): Illuminate\\Auth\\Middleware\\Authenticate->authenticate(Object(Illuminate\\Http\\Request), Array)
#23 C:\\Users\\Motamed\\Desktop\\GraduationProject\\AppApi\\vendor\\laravel\\framework\\src\\Illuminate\\Pipeline\\Pipeline.php(167): Illuminate\\Auth\\Middleware\\Authenticate->handle(Object(Illuminate\\Http\\Request), Object(Closure), 'api')
#24 C:\\Users\\Motamed\\Desktop\\GraduationProject\\AppApi\\vendor\\laravel\\framework\\src\\Illuminate\\Pipeline\\Pipeline.php(103): Illuminate\\Pipeline\\Pipeline->Illuminate\\Pipeline\\{closure}(Object(Illuminate\\Http\\Request))
#25 C:\\Users\\Motamed\\Desktop\\GraduationProject\\AppApi\\vendor\\laravel\\framework\\src\\Illuminate\\Routing\\Router.php(695): Illuminate\\Pipeline\\Pipeline->then(Object(Closure))
#26 C:\\Users\\Motamed\\Desktop\\GraduationProject\\AppApi\\vendor\\laravel\\framework\\src\\Illuminate\\Routing\\Router.php(670): Illuminate\\Routing\\Router->runRouteWithinStack(Object(Illuminate\\Routing\\Route), Object(Illuminate\\Http\\Request))
#27 C:\\Users\\Motamed\\Desktop\\GraduationProject\\AppApi\\vendor\\laravel\\framework\\src\\Illuminate\\Routing\\Router.php(636): Illuminate\\Routing\\Router->runRoute(Object(Illuminate\\Http\\Request), Object(Illuminate\\Routing\\Route))
#28 C:\\Users\\Motamed\\Desktop\\GraduationProject\\AppApi\\vendor\\laravel\\framework\\src\\Illuminate\\Routing\\Router.php(625): Illuminate\\Routing\\Router->dispatchToRoute(Object(Illuminate\\Http\\Request))
#29 C:\\Users\\Motamed\\Desktop\\GraduationProject\\AppApi\\vendor\\laravel\\framework\\src\\Illuminate\\Foundation\\Http\\Kernel.php(166): Illuminate\\Routing\\Router->dispatch(Object(Illuminate\\Http\\Request))
#30 C:\\Users\\Motamed\\Desktop\\GraduationProject\\AppApi\\vendor\\laravel\\framework\\src\\Illuminate\\Pipeline\\Pipeline.php(128): Illuminate\\Foundation\\Http\\Kernel->Illuminate\\Foundation\\Http\\{closure}(Object(Illuminate\\Http\\Request))
#31 C:\\Users\\Motamed\\Desktop\\GraduationProject\\AppApi\\vendor\\laravel\\framework\\src\\Illuminate\\Foundation\\Http\\Middleware\\TransformsRequest.php(21): Illuminate\\Pipeline\\Pipeline->Illuminate\\Pipeline\\{closure}(Object(Illuminate\\Http\\Request))
#32 C:\\Users\\Motamed\\Desktop\\GraduationProject\\AppApi\\vendor\\laravel\\framework\\src\\Illuminate\\Pipeline\\Pipeline.php(167): Illuminate\\Foundation\\Http\\Middleware\\TransformsRequest->handle(Object(Illuminate\\Http\\Request), Object(Closure))
#33 C:\\Users\\Motamed\\Desktop\\GraduationProject\\AppApi\\vendor\\laravel\\framework\\src\\Illuminate\\Foundation\\Http\\Middleware\\TransformsRequest.php(21): Illuminate\\Pipeline\\Pipeline->Illuminate\\Pipeline\\{closure}(Object(Illuminate\\Http\\Request))
#34 C:\\Users\\Motamed\\Desktop\\GraduationProject\\AppApi\\vendor\\laravel\\framework\\src\\Illuminate\\Pipeline\\Pipeline.php(167): Illuminate\\Foundation\\Http\\Middleware\\TransformsRequest->handle(Object(Illuminate\\Http\\Request), Object(Closure))
#35 C:\\Users\\Motamed\\Desktop\\GraduationProject\\AppApi\\vendor\\laravel\\framework\\src\\Illuminate\\Foundation\\Http\\Middleware\\ValidatePostSize.php(27): Illuminate\\Pipeline\\Pipeline->Illuminate\\Pipeline\\{closure}(Object(Illuminate\\Http\\Request))
#36 C:\\Users\\Motamed\\Desktop\\GraduationProject\\AppApi\\vendor\\laravel\\framework\\src\\Illuminate\\Pipeline\\Pipeline.php(167): Illuminate\\Foundation\\Http\\Middleware\\ValidatePostSize->handle(Object(Illuminate\\Http\\Request), Object(Closure))
#37 C:\\Users\\Motamed\\Desktop\\GraduationProject\\AppApi\\vendor\\laravel\\framework\\src\\Illuminate\\Foundation\\Http\\Middleware\\PreventRequestsDuringMaintenance.php(86): Illuminate\\Pipeline\\Pipeline->Illuminate\\Pipeline\\{closure}(Object(Illuminate\\Http\\Request))
#38 C:\\Users\\Motamed\\Desktop\\GraduationProject\\AppApi\\vendor\\laravel\\framework\\src\\Illuminate\\Pipeline\\Pipeline.php(167): Illuminate\\Foundation\\Http\\Middleware\\PreventRequestsDuringMaintenance->handle(Object(Illuminate\\Http\\Request), Object(Closure))
#39 C:\\Users\\Motamed\\Desktop\\GraduationProject\\AppApi\\vendor\\fruitcake\\laravel-cors\\src\\HandleCors.php(57): Illuminate\\Pipeline\\Pipeline->Illuminate\\Pipeline\\{closure}(Object(Illuminate\\Http\\Request))
#40 C:\\Users\\Motamed\\Desktop\\GraduationProject\\AppApi\\vendor\\laravel\\framework\\src\\Illuminate\\Pipeline\\Pipeline.php(167): Fruitcake\\Cors\\HandleCors->handle(Object(Illuminate\\Http\\Request), Object(Closure))
#41 C:\\Users\\Motamed\\Desktop\\GraduationProject\\AppApi\\vendor\\fideloper\\proxy\\src\\TrustProxies.php(57): Illuminate\\Pipeline\\Pipeline->Illuminate\\Pipeline\\{closure}(Object(Illuminate\\Http\\Request))
#42 C:\\Users\\Motamed\\Desktop\\GraduationProject\\AppApi\\vendor\\laravel\\framework\\src\\Illuminate\\Pipeline\\Pipeline.php(167): Fideloper\\Proxy\\TrustProxies->handle(Object(Illuminate\\Http\\Request), Object(Closure))
#43 C:\\Users\\Motamed\\Desktop\\GraduationProject\\AppApi\\vendor\\laravel\\framework\\src\\Illuminate\\Pipeline\\Pipeline.php(103): Illuminate\\Pipeline\\Pipeline->Illuminate\\Pipeline\\{closure}(Object(Illuminate\\Http\\Request))
#44 C:\\Users\\Motamed\\Desktop\\GraduationProject\\AppApi\\vendor\\laravel\\framework\\src\\Illuminate\\Foundation\\Http\\Kernel.php(141): Illuminate\\Pipeline\\Pipeline->then(Object(Closure))
#45 C:\\Users\\Motamed\\Desktop\\GraduationProject\\AppApi\\vendor\\laravel\\framework\\src\\Illuminate\\Foundation\\Http\\Kernel.php(110): Illuminate\\Foundation\\Http\\Kernel->sendRequestThroughRouter(Object(Illuminate\\Http\\Request))
#46 C:\\Users\\Motamed\\Desktop\\GraduationProject\\AppApi\\public\\index.php(52): Illuminate\\Foundation\\Http\\Kernel->handle(Object(Illuminate\\Http\\Request))
#47 C:\\Users\\Motamed\\Desktop\\GraduationProject\\AppApi\\server.php(21): require_once('C:\\\\Users\\\\Motame...')
#48 {main}

[previous exception] [object] (PDOException(code: 2002): SQLSTATE[HY000] [2002] No connection could be made because the target machine actively refused it.
 at C:\\Users\\Motamed\\Desktop\\GraduationProject\\AppApi\\vendor\\laravel\\framework\\src\\Illuminate\\Database\\Connectors\\Connector.php:70)
[stacktrace]
#0 C:\\Users\\Motamed\\Desktop\\GraduationProject\\AppApi\\vendor\\laravel\\framework\\src\\Illuminate\\Database\\Connectors\\Connector.php(70): PDO->__construct('mysql:host=127....', 'root', '', Array)
#1 C:\\Users\\Motamed\\Desktop\\GraduationProject\\AppApi\\vendor\\laravel\\framework\\src\\Illuminate\\Database\\Connectors\\Connector.php(46): Illuminate\\Database\\Connectors\\Connector->createPdoConnection('mysql:host=127....', 'root', '', Array)
#2 C:\\Users\\Motamed\\Desktop\\GraduationProject\\AppApi\\vendor\\laravel\\framework\\src\\Illuminate\\Database\\Connectors\\MySqlConnector.php(24): Illuminate\\Database\\Connectors\\Connector->createConnection('mysql:host=127....', Array, Array)
#3 C:\\Users\\Motamed\\Desktop\\GraduationProject\\AppApi\\vendor\\laravel\\framework\\src\\Illuminate\\Database\\Connectors\\ConnectionFactory.php(184): Illuminate\\Database\\Connectors\\MySqlConnector->connect(Array)
#4 [internal function]: Illuminate\\Database\\Connectors\\ConnectionFactory->Illuminate\\Database\\Connectors\\{closure}()
#5 C:\\Users\\Motamed\\Desktop\\GraduationProject\\AppApi\\vendor\\laravel\\framework\\src\\Illuminate\\Database\\Connection.php(939): call_user_func(Object(Closure))
#6 C:\\Users\\Motamed\\Desktop\\GraduationProject\\AppApi\\vendor\\laravel\\framework\\src\\Illuminate\\Database\\Connection.php(974): Illuminate\\Database\\Connection->getPdo()
#7 C:\\Users\\Motamed\\Desktop\\GraduationProject\\AppApi\\vendor\\laravel\\framework\\src\\Illuminate\\Database\\Connection.php(412): Illuminate\\Database\\Connection->getReadPdo()
#8 C:\\Users\\Motamed\\Desktop\\GraduationProject\\AppApi\\vendor\\laravel\\framework\\src\\Illuminate\\Database\\Connection.php(338): Illuminate\\Database\\Connection->getPdoForSelect(true)
#9 C:\\Users\\Motamed\\Desktop\\GraduationProject\\AppApi\\vendor\\laravel\\framework\\src\\Illuminate\\Database\\Connection.php(671): Illuminate\\Database\\Connection->Illuminate\\Database\\{closure}('select * from `...', Array)
#10 C:\\Users\\Motamed\\Desktop\\GraduationProject\\AppApi\\vendor\\laravel\\framework\\src\\Illuminate\\Database\\Connection.php(638): Illuminate\\Database\\Connection->runQueryCallback('select * from `...', Array, Object(Closure))
#11 C:\\Users\\Motamed\\Desktop\\GraduationProject\\AppApi\\vendor\\laravel\\framework\\src\\Illuminate\\Database\\Connection.php(346): Illuminate\\Database\\Connection->run('select * from `...', Array, Object(Closure))
#12 C:\\Users\\Motamed\\Desktop\\GraduationProject\\AppApi\\vendor\\laravel\\framework\\src\\Illuminate\\Database\\Query\\Builder.php(2313): Illuminate\\Database\\Connection->select('select * from `...', Array, true)
#13 C:\\Users\\Motamed\\Desktop\\GraduationProject\\AppApi\\vendor\\laravel\\framework\\src\\Illuminate\\Database\\Query\\Builder.php(2301): Illuminate\\Database\\Query\\Builder->runSelect()
#14 C:\\Users\\Motamed\\Desktop\\GraduationProject\\AppApi\\vendor\\laravel\\framework\\src\\Illuminate\\Database\\Query\\Builder.php(2796): Illuminate\\Database\\Query\\Builder->Illuminate\\Database\\Query\\{closure}()
#15 C:\\Users\\Motamed\\Desktop\\GraduationProject\\AppApi\\vendor\\laravel\\framework\\src\\Illuminate\\Database\\Query\\Builder.php(2302): Illuminate\\Database\\Query\\Builder->onceWithColumns(Array, Object(Closure))
#16 C:\\Users\\Motamed\\Desktop\\GraduationProject\\AppApi\\vendor\\laravel\\framework\\src\\Illuminate\\Database\\Eloquent\\Builder.php(588): Illuminate\\Database\\Query\\Builder->get(Array)
#17 C:\\Users\\Motamed\\Desktop\\GraduationProject\\AppApi\\vendor\\laravel\\framework\\src\\Illuminate\\Database\\Eloquent\\Builder.php(572): Illuminate\\Database\\Eloquent\\Builder->getModels(Array)
#18 C:\\Users\\Motamed\\Desktop\\GraduationProject\\AppApi\\vendor\\laravel\\framework\\src\\Illuminate\\Database\\Concerns\\BuildsQueries.php(170): Illuminate\\Database\\Eloquent\\Builder->get(Array)
#19 C:\\Users\\Motamed\\Desktop\\GraduationProject\\AppApi\\vendor\\laravel\\passport\\src\\TokenRepository.php(28): Illuminate\\Database\\Eloquent\\Builder->first()
#20 C:\\Users\\Motamed\\Desktop\\GraduationProject\\AppApi\\vendor\\laravel\\passport\\src\\TokenRepository.php(100): Laravel\\Passport\\TokenRepository->find('37ac9d541dc137c...')
#21 C:\\Users\\Motamed\\Desktop\\GraduationProject\\AppApi\\vendor\\laravel\\passport\\src\\Bridge\\AccessTokenRepository.php(88): Laravel\\Passport\\TokenRepository->isAccessTokenRevoked('37ac9d541dc137c...')
#22 C:\\Users\\Motamed\\Desktop\\GraduationProject\\AppApi\\vendor\\league\\oauth2-server\\src\\AuthorizationValidators\\BearerTokenValidator.php(115): Laravel\\Passport\\Bridge\\AccessTokenRepository->isAccessTokenRevoked('37ac9d541dc137c...')
#23 C:\\Users\\Motamed\\Desktop\\GraduationProject\\AppApi\\vendor\\league\\oauth2-server\\src\\ResourceServer.php(84): League\\OAuth2\\Server\\AuthorizationValidators\\BearerTokenValidator->validateAuthorization(Object(Nyholm\\Psr7\\ServerRequest))
#24 C:\\Users\\Motamed\\Desktop\\GraduationProject\\AppApi\\vendor\\laravel\\passport\\src\\Guards\\TokenGuard.php(204): League\\OAuth2\\Server\\ResourceServer->validateAuthenticatedRequest(Object(Nyholm\\Psr7\\ServerRequest))
#25 C:\\Users\\Motamed\\Desktop\\GraduationProject\\AppApi\\vendor\\laravel\\passport\\src\\Guards\\TokenGuard.php(147): Laravel\\Passport\\Guards\\TokenGuard->getPsrRequestViaBearerToken(Object(Illuminate\\Http\\Request))
#26 C:\\Users\\Motamed\\Desktop\\GraduationProject\\AppApi\\vendor\\laravel\\passport\\src\\Guards\\TokenGuard.php(110): Laravel\\Passport\\Guards\\TokenGuard->authenticateViaBearerToken(Object(Illuminate\\Http\\Request))
#27 C:\\Users\\Motamed\\Desktop\\GraduationProject\\AppApi\\vendor\\laravel\\passport\\src\\PassportServiceProvider.php(308): Laravel\\Passport\\Guards\\TokenGuard->user(Object(Illuminate\\Http\\Request))
#28 [internal function]: Laravel\\Passport\\PassportServiceProvider->Laravel\\Passport\\{closure}(Object(Illuminate\\Http\\Request), NULL)
#29 C:\\Users\\Motamed\\Desktop\\GraduationProject\\AppApi\\vendor\\laravel\\framework\\src\\Illuminate\\Auth\\RequestGuard.php(58): call_user_func(Object(Closure), Object(Illuminate\\Http\\Request), NULL)
#30 C:\\Users\\Motamed\\Desktop\\GraduationProject\\AppApi\\vendor\\laravel\\framework\\src\\Illuminate\\Auth\\GuardHelpers.php(60): Illuminate\\Auth\\RequestGuard->user()
#31 C:\\Users\\Motamed\\Desktop\\GraduationProject\\AppApi\\vendor\\laravel\\framework\\src\\Illuminate\\Auth\\Middleware\\Authenticate.php(63): Illuminate\\Auth\\RequestGuard->check()
#32 C:\\Users\\Motamed\\Desktop\\GraduationProject\\AppApi\\vendor\\laravel\\framework\\src\\Illuminate\\Auth\\Middleware\\Authenticate.php(42): Illuminate\\Auth\\Middleware\\Authenticate->authenticate(Object(Illuminate\\Http\\Request), Array)
#33 C:\\Users\\Motamed\\Desktop\\GraduationProject\\AppApi\\vendor\\laravel\\framework\\src\\Illuminate\\Pipeline\\Pipeline.php(167): Illuminate\\Auth\\Middleware\\Authenticate->handle(Object(Illuminate\\Http\\Request), Object(Closure), 'api')
#34 C:\\Users\\Motamed\\Desktop\\GraduationProject\\AppApi\\vendor\\laravel\\framework\\src\\Illuminate\\Pipeline\\Pipeline.php(103): Illuminate\\Pipeline\\Pipeline->Illuminate\\Pipeline\\{closure}(Object(Illuminate\\Http\\Request))
#35 C:\\Users\\Motamed\\Desktop\\GraduationProject\\AppApi\\vendor\\laravel\\framework\\src\\Illuminate\\Routing\\Router.php(695): Illuminate\\Pipeline\\Pipeline->then(Object(Closure))
#36 C:\\Users\\Motamed\\Desktop\\GraduationProject\\AppApi\\vendor\\laravel\\framework\\src\\Illuminate\\Routing\\Router.php(670): Illuminate\\Routing\\Router->runRouteWithinStack(Object(Illuminate\\Routing\\Route), Object(Illuminate\\Http\\Request))
#37 C:\\Users\\Motamed\\Desktop\\GraduationProject\\AppApi\\vendor\\laravel\\framework\\src\\Illuminate\\Routing\\Router.php(636): Illuminate\\Routing\\Router->runRoute(Object(Illuminate\\Http\\Request), Object(Illuminate\\Routing\\Route))
#38 C:\\Users\\Motamed\\Desktop\\GraduationProject\\AppApi\\vendor\\laravel\\framework\\src\\Illuminate\\Routing\\Router.php(625): Illuminate\\Routing\\Router->dispatchToRoute(Object(Illuminate\\Http\\Request))
#39 C:\\Users\\Motamed\\Desktop\\GraduationProject\\AppApi\\vendor\\laravel\\framework\\src\\Illuminate\\Foundation\\Http\\Kernel.php(166): Illuminate\\Routing\\Router->dispatch(Object(Illuminate\\Http\\Request))
#40 C:\\Users\\Motamed\\Desktop\\GraduationProject\\AppApi\\vendor\\laravel\\framework\\src\\Illuminate\\Pipeline\\Pipeline.php(128): Illuminate\\Foundation\\Http\\Kernel->Illuminate\\Foundation\\Http\\{closure}(Object(Illuminate\\Http\\Request))
#41 C:\\Users\\Motamed\\Desktop\\GraduationProject\\AppApi\\vendor\\laravel\\framework\\src\\Illuminate\\Foundation\\Http\\Middleware\\TransformsRequest.php(21): Illuminate\\Pipeline\\Pipeline->Illuminate\\Pipeline\\{closure}(Object(Illuminate\\Http\\Request))
#42 C:\\Users\\Motamed\\Desktop\\GraduationProject\\AppApi\\vendor\\laravel\\framework\\src\\Illuminate\\Pipeline\\Pipeline.php(167): Illuminate\\Foundation\\Http\\Middleware\\TransformsRequest->handle(Object(Illuminate\\Http\\Request), Object(Closure))
#43 C:\\Users\\Motamed\\Desktop\\GraduationProject\\AppApi\\vendor\\laravel\\framework\\src\\Illuminate\\Foundation\\Http\\Middleware\\TransformsRequest.php(21): Illuminate\\Pipeline\\Pipeline->Illuminate\\Pipeline\\{closure}(Object(Illuminate\\Http\\Request))
#44 C:\\Users\\Motamed\\Desktop\\GraduationProject\\AppApi\\vendor\\laravel\\framework\\src\\Illuminate\\Pipeline\\Pipeline.php(167): Illuminate\\Foundation\\Http\\Middleware\\TransformsRequest->handle(Object(Illuminate\\Http\\Request), Object(Closure))
#45 C:\\Users\\Motamed\\Desktop\\GraduationProject\\AppApi\\vendor\\laravel\\framework\\src\\Illuminate\\Foundation\\Http\\Middleware\\ValidatePostSize.php(27): Illuminate\\Pipeline\\Pipeline->Illuminate\\Pipeline\\{closure}(Object(Illuminate\\Http\\Request))
#46 C:\\Users\\Motamed\\Desktop\\GraduationProject\\AppApi\\vendor\\laravel\\framework\\src\\Illuminate\\Pipeline\\Pipeline.php(167): Illuminate\\Foundation\\Http\\Middleware\\ValidatePostSize->handle(Object(Illuminate\\Http\\Request), Object(Closure))
#47 C:\\Users\\Motamed\\Desktop\\GraduationProject\\AppApi\\vendor\\laravel\\framework\\src\\Illuminate\\Foundation\\Http\\Middleware\\PreventRequestsDuringMaintenance.php(86): Illuminate\\Pipeline\\Pipeline->Illuminate\\Pipeline\\{closure}(Object(Illuminate\\Http\\Request))
#48 C:\\Users\\Motamed\\Desktop\\GraduationProject\\AppApi\\vendor\\laravel\\framework\\src\\Illuminate\\Pipeline\\Pipeline.php(167): Illuminate\\Foundation\\Http\\Middleware\\PreventRequestsDuringMaintenance->handle(Object(Illuminate\\Http\\Request), Object(Closure))
#49 C:\\Users\\Motamed\\Desktop\\GraduationProject\\AppApi\\vendor\\fruitcake\\laravel-cors\\src\\HandleCors.php(57): Illuminate\\Pipeline\\Pipeline->Illuminate\\Pipeline\\{closure}(Object(Illuminate\\Http\\Request))
#50 C:\\Users\\Motamed\\Desktop\\GraduationProject\\AppApi\\vendor\\laravel\\framework\\src\\Illuminate\\Pipeline\\Pipeline.php(167): Fruitcake\\Cors\\HandleCors->handle(Object(Illuminate\\Http\\Request), Object(Closure))
#51 C:\\Users\\Motamed\\Desktop\\GraduationProject\\AppApi\\vendor\\fideloper\\proxy\\src\\TrustProxies.php(57): Illuminate\\Pipeline\\Pipeline->Illuminate\\Pipeline\\{closure}(Object(Illuminate\\Http\\Request))
#52 C:\\Users\\Motamed\\Desktop\\GraduationProject\\AppApi\\vendor\\laravel\\framework\\src\\Illuminate\\Pipeline\\Pipeline.php(167): Fideloper\\Proxy\\TrustProxies->handle(Object(Illuminate\\Http\\Request), Object(Closure))
#53 C:\\Users\\Motamed\\Desktop\\GraduationProject\\AppApi\\vendor\\laravel\\framework\\src\\Illuminate\\Pipeline\\Pipeline.php(103): Illuminate\\Pipeline\\Pipeline->Illuminate\\Pipeline\\{closure}(Object(Illuminate\\Http\\Request))
#54 C:\\Users\\Motamed\\Desktop\\GraduationProject\\AppApi\\vendor\\laravel\\framework\\src\\Illuminate\\Foundation\\Http\\Kernel.php(141): Illuminate\\Pipeline\\Pipeline->then(Object(Closure))
#55 C:\\Users\\Motamed\\Desktop\\GraduationProject\\AppApi\\vendor\\laravel\\framework\\src\\Illuminate\\Foundation\\Http\\Kernel.php(110): Illuminate\\Foundation\\Http\\Kernel->sendRequestThroughRouter(Object(Illuminate\\Http\\Request))
#56 C:\\Users\\Motamed\\Desktop\\GraduationProject\\AppApi\\public\\index.php(52): Illuminate\\Foundation\\Http\\Kernel->handle(Object(Illuminate\\Http\\Request))
#57 C:\\Users\\Motamed\\Desktop\\GraduationProject\\AppApi\\server.php(21): require_once('C:\\\\Users\\\\Motame...')
#58 {main}
"} 
[2021-04-07 11:04:38] local.ERROR: SQLSTATE[HY000] [2002] No connection could be made because the target machine actively refused it.
 (SQL: select * from `oauth_access_tokens` where `id` = 37ac9d541dc137cce53ffbdbf15f2bce0ef5703359ea7e78bc9fa6fc47c979aa17dacd976940e51b limit 1) {"exception":"[object] (Illuminate\\Database\\QueryException(code: 2002): SQLSTATE[HY000] [2002] No connection could be made because the target machine actively refused it.
 (SQL: select * from `oauth_access_tokens` where `id` = 37ac9d541dc137cce53ffbdbf15f2bce0ef5703359ea7e78bc9fa6fc47c979aa17dacd976940e51b limit 1) at C:\\Users\\Motamed\\Desktop\\GraduationProject\\AppApi\\vendor\\laravel\\framework\\src\\Illuminate\\Database\\Connection.php:678)
[stacktrace]
#0 C:\\Users\\Motamed\\Desktop\\GraduationProject\\AppApi\\vendor\\laravel\\framework\\src\\Illuminate\\Database\\Connection.php(638): Illuminate\\Database\\Connection->runQueryCallback('select * from `...', Array, Object(Closure))
#1 C:\\Users\\Motamed\\Desktop\\GraduationProject\\AppApi\\vendor\\laravel\\framework\\src\\Illuminate\\Database\\Connection.php(346): Illuminate\\Database\\Connection->run('select * from `...', Array, Object(Closure))
#2 C:\\Users\\Motamed\\Desktop\\GraduationProject\\AppApi\\vendor\\laravel\\framework\\src\\Illuminate\\Database\\Query\\Builder.php(2313): Illuminate\\Database\\Connection->select('select * from `...', Array, true)
#3 C:\\Users\\Motamed\\Desktop\\GraduationProject\\AppApi\\vendor\\laravel\\framework\\src\\Illuminate\\Database\\Query\\Builder.php(2301): Illuminate\\Database\\Query\\Builder->runSelect()
#4 C:\\Users\\Motamed\\Desktop\\GraduationProject\\AppApi\\vendor\\laravel\\framework\\src\\Illuminate\\Database\\Query\\Builder.php(2796): Illuminate\\Database\\Query\\Builder->Illuminate\\Database\\Query\\{closure}()
#5 C:\\Users\\Motamed\\Desktop\\GraduationProject\\AppApi\\vendor\\laravel\\framework\\src\\Illuminate\\Database\\Query\\Builder.php(2302): Illuminate\\Database\\Query\\Builder->onceWithColumns(Array, Object(Closure))
#6 C:\\Users\\Motamed\\Desktop\\GraduationProject\\AppApi\\vendor\\laravel\\framework\\src\\Illuminate\\Database\\Eloquent\\Builder.php(588): Illuminate\\Database\\Query\\Builder->get(Array)
#7 C:\\Users\\Motamed\\Desktop\\GraduationProject\\AppApi\\vendor\\laravel\\framework\\src\\Illuminate\\Database\\Eloquent\\Builder.php(572): Illuminate\\Database\\Eloquent\\Builder->getModels(Array)
#8 C:\\Users\\Motamed\\Desktop\\GraduationProject\\AppApi\\vendor\\laravel\\framework\\src\\Illuminate\\Database\\Concerns\\BuildsQueries.php(170): Illuminate\\Database\\Eloquent\\Builder->get(Array)
#9 C:\\Users\\Motamed\\Desktop\\GraduationProject\\AppApi\\vendor\\laravel\\passport\\src\\TokenRepository.php(28): Illuminate\\Database\\Eloquent\\Builder->first()
#10 C:\\Users\\Motamed\\Desktop\\GraduationProject\\AppApi\\vendor\\laravel\\passport\\src\\TokenRepository.php(100): Laravel\\Passport\\TokenRepository->find('37ac9d541dc137c...')
#11 C:\\Users\\Motamed\\Desktop\\GraduationProject\\AppApi\\vendor\\laravel\\passport\\src\\Bridge\\AccessTokenRepository.php(88): Laravel\\Passport\\TokenRepository->isAccessTokenRevoked('37ac9d541dc137c...')
#12 C:\\Users\\Motamed\\Desktop\\GraduationProject\\AppApi\\vendor\\league\\oauth2-server\\src\\AuthorizationValidators\\BearerTokenValidator.php(115): Laravel\\Passport\\Bridge\\AccessTokenRepository->isAccessTokenRevoked('37ac9d541dc137c...')
#13 C:\\Users\\Motamed\\Desktop\\GraduationProject\\AppApi\\vendor\\league\\oauth2-server\\src\\ResourceServer.php(84): League\\OAuth2\\Server\\AuthorizationValidators\\BearerTokenValidator->validateAuthorization(Object(Nyholm\\Psr7\\ServerRequest))
#14 C:\\Users\\Motamed\\Desktop\\GraduationProject\\AppApi\\vendor\\laravel\\passport\\src\\Guards\\TokenGuard.php(204): League\\OAuth2\\Server\\ResourceServer->validateAuthenticatedRequest(Object(Nyholm\\Psr7\\ServerRequest))
#15 C:\\Users\\Motamed\\Desktop\\GraduationProject\\AppApi\\vendor\\laravel\\passport\\src\\Guards\\TokenGuard.php(147): Laravel\\Passport\\Guards\\TokenGuard->getPsrRequestViaBearerToken(Object(Illuminate\\Http\\Request))
#16 C:\\Users\\Motamed\\Desktop\\GraduationProject\\AppApi\\vendor\\laravel\\passport\\src\\Guards\\TokenGuard.php(110): Laravel\\Passport\\Guards\\TokenGuard->authenticateViaBearerToken(Object(Illuminate\\Http\\Request))
#17 C:\\Users\\Motamed\\Desktop\\GraduationProject\\AppApi\\vendor\\laravel\\passport\\src\\PassportServiceProvider.php(308): Laravel\\Passport\\Guards\\TokenGuard->user(Object(Illuminate\\Http\\Request))
#18 [internal function]: Laravel\\Passport\\PassportServiceProvider->Laravel\\Passport\\{closure}(Object(Illuminate\\Http\\Request), NULL)
#19 C:\\Users\\Motamed\\Desktop\\GraduationProject\\AppApi\\vendor\\laravel\\framework\\src\\Illuminate\\Auth\\RequestGuard.php(58): call_user_func(Object(Closure), Object(Illuminate\\Http\\Request), NULL)
#20 C:\\Users\\Motamed\\Desktop\\GraduationProject\\AppApi\\vendor\\laravel\\framework\\src\\Illuminate\\Auth\\GuardHelpers.php(60): Illuminate\\Auth\\RequestGuard->user()
#21 C:\\Users\\Motamed\\Desktop\\GraduationProject\\AppApi\\vendor\\laravel\\framework\\src\\Illuminate\\Auth\\Middleware\\Authenticate.php(63): Illuminate\\Auth\\RequestGuard->check()
#22 C:\\Users\\Motamed\\Desktop\\GraduationProject\\AppApi\\vendor\\laravel\\framework\\src\\Illuminate\\Auth\\Middleware\\Authenticate.php(42): Illuminate\\Auth\\Middleware\\Authenticate->authenticate(Object(Illuminate\\Http\\Request), Array)
#23 C:\\Users\\Motamed\\Desktop\\GraduationProject\\AppApi\\vendor\\laravel\\framework\\src\\Illuminate\\Pipeline\\Pipeline.php(167): Illuminate\\Auth\\Middleware\\Authenticate->handle(Object(Illuminate\\Http\\Request), Object(Closure), 'api')
#24 C:\\Users\\Motamed\\Desktop\\GraduationProject\\AppApi\\vendor\\laravel\\framework\\src\\Illuminate\\Pipeline\\Pipeline.php(103): Illuminate\\Pipeline\\Pipeline->Illuminate\\Pipeline\\{closure}(Object(Illuminate\\Http\\Request))
#25 C:\\Users\\Motamed\\Desktop\\GraduationProject\\AppApi\\vendor\\laravel\\framework\\src\\Illuminate\\Routing\\Router.php(695): Illuminate\\Pipeline\\Pipeline->then(Object(Closure))
#26 C:\\Users\\Motamed\\Desktop\\GraduationProject\\AppApi\\vendor\\laravel\\framework\\src\\Illuminate\\Routing\\Router.php(670): Illuminate\\Routing\\Router->runRouteWithinStack(Object(Illuminate\\Routing\\Route), Object(Illuminate\\Http\\Request))
#27 C:\\Users\\Motamed\\Desktop\\GraduationProject\\AppApi\\vendor\\laravel\\framework\\src\\Illuminate\\Routing\\Router.php(636): Illuminate\\Routing\\Router->runRoute(Object(Illuminate\\Http\\Request), Object(Illuminate\\Routing\\Route))
#28 C:\\Users\\Motamed\\Desktop\\GraduationProject\\AppApi\\vendor\\laravel\\framework\\src\\Illuminate\\Routing\\Router.php(625): Illuminate\\Routing\\Router->dispatchToRoute(Object(Illuminate\\Http\\Request))
#29 C:\\Users\\Motamed\\Desktop\\GraduationProject\\AppApi\\vendor\\laravel\\framework\\src\\Illuminate\\Foundation\\Http\\Kernel.php(166): Illuminate\\Routing\\Router->dispatch(Object(Illuminate\\Http\\Request))
#30 C:\\Users\\Motamed\\Desktop\\GraduationProject\\AppApi\\vendor\\laravel\\framework\\src\\Illuminate\\Pipeline\\Pipeline.php(128): Illuminate\\Foundation\\Http\\Kernel->Illuminate\\Foundation\\Http\\{closure}(Object(Illuminate\\Http\\Request))
#31 C:\\Users\\Motamed\\Desktop\\GraduationProject\\AppApi\\vendor\\laravel\\framework\\src\\Illuminate\\Foundation\\Http\\Middleware\\TransformsRequest.php(21): Illuminate\\Pipeline\\Pipeline->Illuminate\\Pipeline\\{closure}(Object(Illuminate\\Http\\Request))
#32 C:\\Users\\Motamed\\Desktop\\GraduationProject\\AppApi\\vendor\\laravel\\framework\\src\\Illuminate\\Pipeline\\Pipeline.php(167): Illuminate\\Foundation\\Http\\Middleware\\TransformsRequest->handle(Object(Illuminate\\Http\\Request), Object(Closure))
#33 C:\\Users\\Motamed\\Desktop\\GraduationProject\\AppApi\\vendor\\laravel\\framework\\src\\Illuminate\\Foundation\\Http\\Middleware\\TransformsRequest.php(21): Illuminate\\Pipeline\\Pipeline->Illuminate\\Pipeline\\{closure}(Object(Illuminate\\Http\\Request))
#34 C:\\Users\\Motamed\\Desktop\\GraduationProject\\AppApi\\vendor\\laravel\\framework\\src\\Illuminate\\Pipeline\\Pipeline.php(167): Illuminate\\Foundation\\Http\\Middleware\\TransformsRequest->handle(Object(Illuminate\\Http\\Request), Object(Closure))
#35 C:\\Users\\Motamed\\Desktop\\GraduationProject\\AppApi\\vendor\\laravel\\framework\\src\\Illuminate\\Foundation\\Http\\Middleware\\ValidatePostSize.php(27): Illuminate\\Pipeline\\Pipeline->Illuminate\\Pipeline\\{closure}(Object(Illuminate\\Http\\Request))
#36 C:\\Users\\Motamed\\Desktop\\GraduationProject\\AppApi\\vendor\\laravel\\framework\\src\\Illuminate\\Pipeline\\Pipeline.php(167): Illuminate\\Foundation\\Http\\Middleware\\ValidatePostSize->handle(Object(Illuminate\\Http\\Request), Object(Closure))
#37 C:\\Users\\Motamed\\Desktop\\GraduationProject\\AppApi\\vendor\\laravel\\framework\\src\\Illuminate\\Foundation\\Http\\Middleware\\PreventRequestsDuringMaintenance.php(86): Illuminate\\Pipeline\\Pipeline->Illuminate\\Pipeline\\{closure}(Object(Illuminate\\Http\\Request))
#38 C:\\Users\\Motamed\\Desktop\\GraduationProject\\AppApi\\vendor\\laravel\\framework\\src\\Illuminate\\Pipeline\\Pipeline.php(167): Illuminate\\Foundation\\Http\\Middleware\\PreventRequestsDuringMaintenance->handle(Object(Illuminate\\Http\\Request), Object(Closure))
#39 C:\\Users\\Motamed\\Desktop\\GraduationProject\\AppApi\\vendor\\fruitcake\\laravel-cors\\src\\HandleCors.php(57): Illuminate\\Pipeline\\Pipeline->Illuminate\\Pipeline\\{closure}(Object(Illuminate\\Http\\Request))
#40 C:\\Users\\Motamed\\Desktop\\GraduationProject\\AppApi\\vendor\\laravel\\framework\\src\\Illuminate\\Pipeline\\Pipeline.php(167): Fruitcake\\Cors\\HandleCors->handle(Object(Illuminate\\Http\\Request), Object(Closure))
#41 C:\\Users\\Motamed\\Desktop\\GraduationProject\\AppApi\\vendor\\fideloper\\proxy\\src\\TrustProxies.php(57): Illuminate\\Pipeline\\Pipeline->Illuminate\\Pipeline\\{closure}(Object(Illuminate\\Http\\Request))
#42 C:\\Users\\Motamed\\Desktop\\GraduationProject\\AppApi\\vendor\\laravel\\framework\\src\\Illuminate\\Pipeline\\Pipeline.php(167): Fideloper\\Proxy\\TrustProxies->handle(Object(Illuminate\\Http\\Request), Object(Closure))
#43 C:\\Users\\Motamed\\Desktop\\GraduationProject\\AppApi\\vendor\\laravel\\framework\\src\\Illuminate\\Pipeline\\Pipeline.php(103): Illuminate\\Pipeline\\Pipeline->Illuminate\\Pipeline\\{closure}(Object(Illuminate\\Http\\Request))
#44 C:\\Users\\Motamed\\Desktop\\GraduationProject\\AppApi\\vendor\\laravel\\framework\\src\\Illuminate\\Foundation\\Http\\Kernel.php(141): Illuminate\\Pipeline\\Pipeline->then(Object(Closure))
#45 C:\\Users\\Motamed\\Desktop\\GraduationProject\\AppApi\\vendor\\laravel\\framework\\src\\Illuminate\\Foundation\\Http\\Kernel.php(110): Illuminate\\Foundation\\Http\\Kernel->sendRequestThroughRouter(Object(Illuminate\\Http\\Request))
#46 C:\\Users\\Motamed\\Desktop\\GraduationProject\\AppApi\\public\\index.php(52): Illuminate\\Foundation\\Http\\Kernel->handle(Object(Illuminate\\Http\\Request))
#47 C:\\Users\\Motamed\\Desktop\\GraduationProject\\AppApi\\server.php(21): require_once('C:\\\\Users\\\\Motame...')
#48 {main}

[previous exception] [object] (PDOException(code: 2002): SQLSTATE[HY000] [2002] No connection could be made because the target machine actively refused it.
 at C:\\Users\\Motamed\\Desktop\\GraduationProject\\AppApi\\vendor\\laravel\\framework\\src\\Illuminate\\Database\\Connectors\\Connector.php:70)
[stacktrace]
#0 C:\\Users\\Motamed\\Desktop\\GraduationProject\\AppApi\\vendor\\laravel\\framework\\src\\Illuminate\\Database\\Connectors\\Connector.php(70): PDO->__construct('mysql:host=127....', 'root', '', Array)
#1 C:\\Users\\Motamed\\Desktop\\GraduationProject\\AppApi\\vendor\\laravel\\framework\\src\\Illuminate\\Database\\Connectors\\Connector.php(46): Illuminate\\Database\\Connectors\\Connector->createPdoConnection('mysql:host=127....', 'root', '', Array)
#2 C:\\Users\\Motamed\\Desktop\\GraduationProject\\AppApi\\vendor\\laravel\\framework\\src\\Illuminate\\Database\\Connectors\\MySqlConnector.php(24): Illuminate\\Database\\Connectors\\Connector->createConnection('mysql:host=127....', Array, Array)
#3 C:\\Users\\Motamed\\Desktop\\GraduationProject\\AppApi\\vendor\\laravel\\framework\\src\\Illuminate\\Database\\Connectors\\ConnectionFactory.php(184): Illuminate\\Database\\Connectors\\MySqlConnector->connect(Array)
#4 [internal function]: Illuminate\\Database\\Connectors\\ConnectionFactory->Illuminate\\Database\\Connectors\\{closure}()
#5 C:\\Users\\Motamed\\Desktop\\GraduationProject\\AppApi\\vendor\\laravel\\framework\\src\\Illuminate\\Database\\Connection.php(939): call_user_func(Object(Closure))
#6 C:\\Users\\Motamed\\Desktop\\GraduationProject\\AppApi\\vendor\\laravel\\framework\\src\\Illuminate\\Database\\Connection.php(974): Illuminate\\Database\\Connection->getPdo()
#7 C:\\Users\\Motamed\\Desktop\\GraduationProject\\AppApi\\vendor\\laravel\\framework\\src\\Illuminate\\Database\\Connection.php(412): Illuminate\\Database\\Connection->getReadPdo()
#8 C:\\Users\\Motamed\\Desktop\\GraduationProject\\AppApi\\vendor\\laravel\\framework\\src\\Illuminate\\Database\\Connection.php(338): Illuminate\\Database\\Connection->getPdoForSelect(true)
#9 C:\\Users\\Motamed\\Desktop\\GraduationProject\\AppApi\\vendor\\laravel\\framework\\src\\Illuminate\\Database\\Connection.php(671): Illuminate\\Database\\Connection->Illuminate\\Database\\{closure}('select * from `...', Array)
#10 C:\\Users\\Motamed\\Desktop\\GraduationProject\\AppApi\\vendor\\laravel\\framework\\src\\Illuminate\\Database\\Connection.php(638): Illuminate\\Database\\Connection->runQueryCallback('select * from `...', Array, Object(Closure))
#11 C:\\Users\\Motamed\\Desktop\\GraduationProject\\AppApi\\vendor\\laravel\\framework\\src\\Illuminate\\Database\\Connection.php(346): Illuminate\\Database\\Connection->run('select * from `...', Array, Object(Closure))
#12 C:\\Users\\Motamed\\Desktop\\GraduationProject\\AppApi\\vendor\\laravel\\framework\\src\\Illuminate\\Database\\Query\\Builder.php(2313): Illuminate\\Database\\Connection->select('select * from `...', Array, true)
#13 C:\\Users\\Motamed\\Desktop\\GraduationProject\\AppApi\\vendor\\laravel\\framework\\src\\Illuminate\\Database\\Query\\Builder.php(2301): Illuminate\\Database\\Query\\Builder->runSelect()
#14 C:\\Users\\Motamed\\Desktop\\GraduationProject\\AppApi\\vendor\\laravel\\framework\\src\\Illuminate\\Database\\Query\\Builder.php(2796): Illuminate\\Database\\Query\\Builder->Illuminate\\Database\\Query\\{closure}()
#15 C:\\Users\\Motamed\\Desktop\\GraduationProject\\AppApi\\vendor\\laravel\\framework\\src\\Illuminate\\Database\\Query\\Builder.php(2302): Illuminate\\Database\\Query\\Builder->onceWithColumns(Array, Object(Closure))
#16 C:\\Users\\Motamed\\Desktop\\GraduationProject\\AppApi\\vendor\\laravel\\framework\\src\\Illuminate\\Database\\Eloquent\\Builder.php(588): Illuminate\\Database\\Query\\Builder->get(Array)
#17 C:\\Users\\Motamed\\Desktop\\GraduationProject\\AppApi\\vendor\\laravel\\framework\\src\\Illuminate\\Database\\Eloquent\\Builder.php(572): Illuminate\\Database\\Eloquent\\Builder->getModels(Array)
#18 C:\\Users\\Motamed\\Desktop\\GraduationProject\\AppApi\\vendor\\laravel\\framework\\src\\Illuminate\\Database\\Concerns\\BuildsQueries.php(170): Illuminate\\Database\\Eloquent\\Builder->get(Array)
#19 C:\\Users\\Motamed\\Desktop\\GraduationProject\\AppApi\\vendor\\laravel\\passport\\src\\TokenRepository.php(28): Illuminate\\Database\\Eloquent\\Builder->first()
#20 C:\\Users\\Motamed\\Desktop\\GraduationProject\\AppApi\\vendor\\laravel\\passport\\src\\TokenRepository.php(100): Laravel\\Passport\\TokenRepository->find('37ac9d541dc137c...')
#21 C:\\Users\\Motamed\\Desktop\\GraduationProject\\AppApi\\vendor\\laravel\\passport\\src\\Bridge\\AccessTokenRepository.php(88): Laravel\\Passport\\TokenRepository->isAccessTokenRevoked('37ac9d541dc137c...')
#22 C:\\Users\\Motamed\\Desktop\\GraduationProject\\AppApi\\vendor\\league\\oauth2-server\\src\\AuthorizationValidators\\BearerTokenValidator.php(115): Laravel\\Passport\\Bridge\\AccessTokenRepository->isAccessTokenRevoked('37ac9d541dc137c...')
#23 C:\\Users\\Motamed\\Desktop\\GraduationProject\\AppApi\\vendor\\league\\oauth2-server\\src\\ResourceServer.php(84): League\\OAuth2\\Server\\AuthorizationValidators\\BearerTokenValidator->validateAuthorization(Object(Nyholm\\Psr7\\ServerRequest))
#24 C:\\Users\\Motamed\\Desktop\\GraduationProject\\AppApi\\vendor\\laravel\\passport\\src\\Guards\\TokenGuard.php(204): League\\OAuth2\\Server\\ResourceServer->validateAuthenticatedRequest(Object(Nyholm\\Psr7\\ServerRequest))
#25 C:\\Users\\Motamed\\Desktop\\GraduationProject\\AppApi\\vendor\\laravel\\passport\\src\\Guards\\TokenGuard.php(147): Laravel\\Passport\\Guards\\TokenGuard->getPsrRequestViaBearerToken(Object(Illuminate\\Http\\Request))
#26 C:\\Users\\Motamed\\Desktop\\GraduationProject\\AppApi\\vendor\\laravel\\passport\\src\\Guards\\TokenGuard.php(110): Laravel\\Passport\\Guards\\TokenGuard->authenticateViaBearerToken(Object(Illuminate\\Http\\Request))
#27 C:\\Users\\Motamed\\Desktop\\GraduationProject\\AppApi\\vendor\\laravel\\passport\\src\\PassportServiceProvider.php(308): Laravel\\Passport\\Guards\\TokenGuard->user(Object(Illuminate\\Http\\Request))
#28 [internal function]: Laravel\\Passport\\PassportServiceProvider->Laravel\\Passport\\{closure}(Object(Illuminate\\Http\\Request), NULL)
#29 C:\\Users\\Motamed\\Desktop\\GraduationProject\\AppApi\\vendor\\laravel\\framework\\src\\Illuminate\\Auth\\RequestGuard.php(58): call_user_func(Object(Closure), Object(Illuminate\\Http\\Request), NULL)
#30 C:\\Users\\Motamed\\Desktop\\GraduationProject\\AppApi\\vendor\\laravel\\framework\\src\\Illuminate\\Auth\\GuardHelpers.php(60): Illuminate\\Auth\\RequestGuard->user()
#31 C:\\Users\\Motamed\\Desktop\\GraduationProject\\AppApi\\vendor\\laravel\\framework\\src\\Illuminate\\Auth\\Middleware\\Authenticate.php(63): Illuminate\\Auth\\RequestGuard->check()
#32 C:\\Users\\Motamed\\Desktop\\GraduationProject\\AppApi\\vendor\\laravel\\framework\\src\\Illuminate\\Auth\\Middleware\\Authenticate.php(42): Illuminate\\Auth\\Middleware\\Authenticate->authenticate(Object(Illuminate\\Http\\Request), Array)
#33 C:\\Users\\Motamed\\Desktop\\GraduationProject\\AppApi\\vendor\\laravel\\framework\\src\\Illuminate\\Pipeline\\Pipeline.php(167): Illuminate\\Auth\\Middleware\\Authenticate->handle(Object(Illuminate\\Http\\Request), Object(Closure), 'api')
#34 C:\\Users\\Motamed\\Desktop\\GraduationProject\\AppApi\\vendor\\laravel\\framework\\src\\Illuminate\\Pipeline\\Pipeline.php(103): Illuminate\\Pipeline\\Pipeline->Illuminate\\Pipeline\\{closure}(Object(Illuminate\\Http\\Request))
#35 C:\\Users\\Motamed\\Desktop\\GraduationProject\\AppApi\\vendor\\laravel\\framework\\src\\Illuminate\\Routing\\Router.php(695): Illuminate\\Pipeline\\Pipeline->then(Object(Closure))
#36 C:\\Users\\Motamed\\Desktop\\GraduationProject\\AppApi\\vendor\\laravel\\framework\\src\\Illuminate\\Routing\\Router.php(670): Illuminate\\Routing\\Router->runRouteWithinStack(Object(Illuminate\\Routing\\Route), Object(Illuminate\\Http\\Request))
#37 C:\\Users\\Motamed\\Desktop\\GraduationProject\\AppApi\\vendor\\laravel\\framework\\src\\Illuminate\\Routing\\Router.php(636): Illuminate\\Routing\\Router->runRoute(Object(Illuminate\\Http\\Request), Object(Illuminate\\Routing\\Route))
#38 C:\\Users\\Motamed\\Desktop\\GraduationProject\\AppApi\\vendor\\laravel\\framework\\src\\Illuminate\\Routing\\Router.php(625): Illuminate\\Routing\\Router->dispatchToRoute(Object(Illuminate\\Http\\Request))
#39 C:\\Users\\Motamed\\Desktop\\GraduationProject\\AppApi\\vendor\\laravel\\framework\\src\\Illuminate\\Foundation\\Http\\Kernel.php(166): Illuminate\\Routing\\Router->dispatch(Object(Illuminate\\Http\\Request))
#40 C:\\Users\\Motamed\\Desktop\\GraduationProject\\AppApi\\vendor\\laravel\\framework\\src\\Illuminate\\Pipeline\\Pipeline.php(128): Illuminate\\Foundation\\Http\\Kernel->Illuminate\\Foundation\\Http\\{closure}(Object(Illuminate\\Http\\Request))
#41 C:\\Users\\Motamed\\Desktop\\GraduationProject\\AppApi\\vendor\\laravel\\framework\\src\\Illuminate\\Foundation\\Http\\Middleware\\TransformsRequest.php(21): Illuminate\\Pipeline\\Pipeline->Illuminate\\Pipeline\\{closure}(Object(Illuminate\\Http\\Request))
#42 C:\\Users\\Motamed\\Desktop\\GraduationProject\\AppApi\\vendor\\laravel\\framework\\src\\Illuminate\\Pipeline\\Pipeline.php(167): Illuminate\\Foundation\\Http\\Middleware\\TransformsRequest->handle(Object(Illuminate\\Http\\Request), Object(Closure))
#43 C:\\Users\\Motamed\\Desktop\\GraduationProject\\AppApi\\vendor\\laravel\\framework\\src\\Illuminate\\Foundation\\Http\\Middleware\\TransformsRequest.php(21): Illuminate\\Pipeline\\Pipeline->Illuminate\\Pipeline\\{closure}(Object(Illuminate\\Http\\Request))
#44 C:\\Users\\Motamed\\Desktop\\GraduationProject\\AppApi\\vendor\\laravel\\framework\\src\\Illuminate\\Pipeline\\Pipeline.php(167): Illuminate\\Foundation\\Http\\Middleware\\TransformsRequest->handle(Object(Illuminate\\Http\\Request), Object(Closure))
#45 C:\\Users\\Motamed\\Desktop\\GraduationProject\\AppApi\\vendor\\laravel\\framework\\src\\Illuminate\\Foundation\\Http\\Middleware\\ValidatePostSize.php(27): Illuminate\\Pipeline\\Pipeline->Illuminate\\Pipeline\\{closure}(Object(Illuminate\\Http\\Request))
#46 C:\\Users\\Motamed\\Desktop\\GraduationProject\\AppApi\\vendor\\laravel\\framework\\src\\Illuminate\\Pipeline\\Pipeline.php(167): Illuminate\\Foundation\\Http\\Middleware\\ValidatePostSize->handle(Object(Illuminate\\Http\\Request), Object(Closure))
#47 C:\\Users\\Motamed\\Desktop\\GraduationProject\\AppApi\\vendor\\laravel\\framework\\src\\Illuminate\\Foundation\\Http\\Middleware\\PreventRequestsDuringMaintenance.php(86): Illuminate\\Pipeline\\Pipeline->Illuminate\\Pipeline\\{closure}(Object(Illuminate\\Http\\Request))
#48 C:\\Users\\Motamed\\Desktop\\GraduationProject\\AppApi\\vendor\\laravel\\framework\\src\\Illuminate\\Pipeline\\Pipeline.php(167): Illuminate\\Foundation\\Http\\Middleware\\PreventRequestsDuringMaintenance->handle(Object(Illuminate\\Http\\Request), Object(Closure))
#49 C:\\Users\\Motamed\\Desktop\\GraduationProject\\AppApi\\vendor\\fruitcake\\laravel-cors\\src\\HandleCors.php(57): Illuminate\\Pipeline\\Pipeline->Illuminate\\Pipeline\\{closure}(Object(Illuminate\\Http\\Request))
#50 C:\\Users\\Motamed\\Desktop\\GraduationProject\\AppApi\\vendor\\laravel\\framework\\src\\Illuminate\\Pipeline\\Pipeline.php(167): Fruitcake\\Cors\\HandleCors->handle(Object(Illuminate\\Http\\Request), Object(Closure))
#51 C:\\Users\\Motamed\\Desktop\\GraduationProject\\AppApi\\vendor\\fideloper\\proxy\\src\\TrustProxies.php(57): Illuminate\\Pipeline\\Pipeline->Illuminate\\Pipeline\\{closure}(Object(Illuminate\\Http\\Request))
#52 C:\\Users\\Motamed\\Desktop\\GraduationProject\\AppApi\\vendor\\laravel\\framework\\src\\Illuminate\\Pipeline\\Pipeline.php(167): Fideloper\\Proxy\\TrustProxies->handle(Object(Illuminate\\Http\\Request), Object(Closure))
#53 C:\\Users\\Motamed\\Desktop\\GraduationProject\\AppApi\\vendor\\laravel\\framework\\src\\Illuminate\\Pipeline\\Pipeline.php(103): Illuminate\\Pipeline\\Pipeline->Illuminate\\Pipeline\\{closure}(Object(Illuminate\\Http\\Request))
#54 C:\\Users\\Motamed\\Desktop\\GraduationProject\\AppApi\\vendor\\laravel\\framework\\src\\Illuminate\\Foundation\\Http\\Kernel.php(141): Illuminate\\Pipeline\\Pipeline->then(Object(Closure))
#55 C:\\Users\\Motamed\\Desktop\\GraduationProject\\AppApi\\vendor\\laravel\\framework\\src\\Illuminate\\Foundation\\Http\\Kernel.php(110): Illuminate\\Foundation\\Http\\Kernel->sendRequestThroughRouter(Object(Illuminate\\Http\\Request))
#56 C:\\Users\\Motamed\\Desktop\\GraduationProject\\AppApi\\public\\index.php(52): Illuminate\\Foundation\\Http\\Kernel->handle(Object(Illuminate\\Http\\Request))
#57 C:\\Users\\Motamed\\Desktop\\GraduationProject\\AppApi\\server.php(21): require_once('C:\\\\Users\\\\Motame...')
#58 {main}
"} 
