[2021-05-07 13:48:18] local.INFO: array (
  'id' => '1',
)  
[2021-05-07 13:48:18] local.INFO: 1  
[2021-05-07 13:50:18] local.INFO: array (
  'id' => '1',
)  
[2021-05-07 13:50:18] local.INFO: 3  
[2021-05-07 13:50:18] local.ERROR: Class 'App\Http\Controllers\OrderProductsResource' not found {"userId":3,"exception":"[object] (Error(code: 0): Class 'App\\Http\\Controllers\\OrderProductsResource' not found at C:\\Users\\Motamed\\Desktop\\GraduationProject\\AppApi\\app\\Http\\Controllers\\OrderController.php:137)
[stacktrace]
#0 C:\\Users\\Motamed\\Desktop\\GraduationProject\\AppApi\\vendor\\laravel\\framework\\src\\Illuminate\\Routing\\Controller.php(54): App\\Http\\Controllers\\OrderController->ShowSelleritemsOfOrders(Object(Illuminate\\Http\\Request))
#1 C:\\Users\\Motamed\\Desktop\\GraduationProject\\AppApi\\vendor\\laravel\\framework\\src\\Illuminate\\Routing\\ControllerDispatcher.php(45): Illuminate\\Routing\\Controller->callAction('ShowSelleritems...', Array)
#2 C:\\Users\\Motamed\\Desktop\\GraduationProject\\AppApi\\vendor\\laravel\\framework\\src\\Illuminate\\Routing\\Route.php(254): Illuminate\\Routing\\ControllerDispatcher->dispatch(Object(Illuminate\\Routing\\Route), Object(App\\Http\\Controllers\\OrderController), 'ShowSelleritems...')
#3 C:\\Users\\Motamed\\Desktop\\GraduationProject\\AppApi\\vendor\\laravel\\framework\\src\\Illuminate\\Routing\\Route.php(197): Illuminate\\Routing\\Route->runController()
#4 C:\\Users\\Motamed\\Desktop\\GraduationProject\\AppApi\\vendor\\laravel\\framework\\src\\Illuminate\\Routing\\Router.php(693): Illuminate\\Routing\\Route->run()
#5 C:\\Users\\Motamed\\Desktop\\GraduationProject\\AppApi\\vendor\\laravel\\framework\\src\\Illuminate\\Pipeline\\Pipeline.php(128): Illuminate\\Routing\\Router->Illuminate\\Routing\\{closure}(Object(Illuminate\\Http\\Request))
#6 C:\\Users\\Motamed\\Desktop\\GraduationProject\\AppApi\\vendor\\laravel\\framework\\src\\Illuminate\\Routing\\Middleware\\SubstituteBindings.php(50): Illuminate\\Pipeline\\Pipeline->Illuminate\\Pipeline\\{closure}(Object(Illuminate\\Http\\Request))
#7 C:\\Users\\Motamed\\Desktop\\GraduationProject\\AppApi\\vendor\\laravel\\framework\\src\\Illuminate\\Pipeline\\Pipeline.php(167): Illuminate\\Routing\\Middleware\\SubstituteBindings->handle(Object(Illuminate\\Http\\Request), Object(Closure))
#8 C:\\Users\\Motamed\\Desktop\\GraduationProject\\AppApi\\vendor\\laravel\\framework\\src\\Illuminate\\Routing\\Middleware\\ThrottleRequests.php(127): Illuminate\\Pipeline\\Pipeline->Illuminate\\Pipeline\\{closure}(Object(Illuminate\\Http\\Request))
#9 C:\\Users\\Motamed\\Desktop\\GraduationProject\\AppApi\\vendor\\laravel\\framework\\src\\Illuminate\\Routing\\Middleware\\ThrottleRequests.php(103): Illuminate\\Routing\\Middleware\\ThrottleRequests->handleRequest(Object(Illuminate\\Http\\Request), Object(Closure), Array)
#10 C:\\Users\\Motamed\\Desktop\\GraduationProject\\AppApi\\vendor\\laravel\\framework\\src\\Illuminate\\Routing\\Middleware\\ThrottleRequests.php(55): Illuminate\\Routing\\Middleware\\ThrottleRequests->handleRequestUsingNamedLimiter(Object(Illuminate\\Http\\Request), Object(Closure), 'api', Object(Closure))
#11 C:\\Users\\Motamed\\Desktop\\GraduationProject\\AppApi\\vendor\\laravel\\framework\\src\\Illuminate\\Pipeline\\Pipeline.php(167): Illuminate\\Routing\\Middleware\\ThrottleRequests->handle(Object(Illuminate\\Http\\Request), Object(Closure), 'api')
#12 C:\\Users\\Motamed\\Desktop\\GraduationProject\\AppApi\\vendor\\laravel\\framework\\src\\Illuminate\\Auth\\Middleware\\Authenticate.php(44): Illuminate\\Pipeline\\Pipeline->Illuminate\\Pipeline\\{closure}(Object(Illuminate\\Http\\Request))
#13 C:\\Users\\Motamed\\Desktop\\GraduationProject\\AppApi\\vendor\\laravel\\framework\\src\\Illuminate\\Pipeline\\Pipeline.php(167): Illuminate\\Auth\\Middleware\\Authenticate->handle(Object(Illuminate\\Http\\Request), Object(Closure), 'seller_api')
#14 C:\\Users\\Motamed\\Desktop\\GraduationProject\\AppApi\\vendor\\laravel\\framework\\src\\Illuminate\\Pipeline\\Pipeline.php(103): Illuminate\\Pipeline\\Pipeline->Illuminate\\Pipeline\\{closure}(Object(Illuminate\\Http\\Request))
#15 C:\\Users\\Motamed\\Desktop\\GraduationProject\\AppApi\\vendor\\laravel\\framework\\src\\Illuminate\\Routing\\Router.php(695): Illuminate\\Pipeline\\Pipeline->then(Object(Closure))
#16 C:\\Users\\Motamed\\Desktop\\GraduationProject\\AppApi\\vendor\\laravel\\framework\\src\\Illuminate\\Routing\\Router.php(670): Illuminate\\Routing\\Router->runRouteWithinStack(Object(Illuminate\\Routing\\Route), Object(Illuminate\\Http\\Request))
#17 C:\\Users\\Motamed\\Desktop\\GraduationProject\\AppApi\\vendor\\laravel\\framework\\src\\Illuminate\\Routing\\Router.php(636): Illuminate\\Routing\\Router->runRoute(Object(Illuminate\\Http\\Request), Object(Illuminate\\Routing\\Route))
#18 C:\\Users\\Motamed\\Desktop\\GraduationProject\\AppApi\\vendor\\laravel\\framework\\src\\Illuminate\\Routing\\Router.php(625): Illuminate\\Routing\\Router->dispatchToRoute(Object(Illuminate\\Http\\Request))
#19 C:\\Users\\Motamed\\Desktop\\GraduationProject\\AppApi\\vendor\\laravel\\framework\\src\\Illuminate\\Foundation\\Http\\Kernel.php(166): Illuminate\\Routing\\Router->dispatch(Object(Illuminate\\Http\\Request))
#20 C:\\Users\\Motamed\\Desktop\\GraduationProject\\AppApi\\vendor\\laravel\\framework\\src\\Illuminate\\Pipeline\\Pipeline.php(128): Illuminate\\Foundation\\Http\\Kernel->Illuminate\\Foundation\\Http\\{closure}(Object(Illuminate\\Http\\Request))
#21 C:\\Users\\Motamed\\Desktop\\GraduationProject\\AppApi\\vendor\\laravel\\framework\\src\\Illuminate\\Foundation\\Http\\Middleware\\TransformsRequest.php(21): Illuminate\\Pipeline\\Pipeline->Illuminate\\Pipeline\\{closure}(Object(Illuminate\\Http\\Request))
#22 C:\\Users\\Motamed\\Desktop\\GraduationProject\\AppApi\\vendor\\laravel\\framework\\src\\Illuminate\\Pipeline\\Pipeline.php(167): Illuminate\\Foundation\\Http\\Middleware\\TransformsRequest->handle(Object(Illuminate\\Http\\Request), Object(Closure))
#23 C:\\Users\\Motamed\\Desktop\\GraduationProject\\AppApi\\vendor\\laravel\\framework\\src\\Illuminate\\Foundation\\Http\\Middleware\\TransformsRequest.php(21): Illuminate\\Pipeline\\Pipeline->Illuminate\\Pipeline\\{closure}(Object(Illuminate\\Http\\Request))
#24 C:\\Users\\Motamed\\Desktop\\GraduationProject\\AppApi\\vendor\\laravel\\framework\\src\\Illuminate\\Pipeline\\Pipeline.php(167): Illuminate\\Foundation\\Http\\Middleware\\TransformsRequest->handle(Object(Illuminate\\Http\\Request), Object(Closure))
#25 C:\\Users\\Motamed\\Desktop\\GraduationProject\\AppApi\\vendor\\laravel\\framework\\src\\Illuminate\\Foundation\\Http\\Middleware\\ValidatePostSize.php(27): Illuminate\\Pipeline\\Pipeline->Illuminate\\Pipeline\\{closure}(Object(Illuminate\\Http\\Request))
#26 C:\\Users\\Motamed\\Desktop\\GraduationProject\\AppApi\\vendor\\laravel\\framework\\src\\Illuminate\\Pipeline\\Pipeline.php(167): Illuminate\\Foundation\\Http\\Middleware\\ValidatePostSize->handle(Object(Illuminate\\Http\\Request), Object(Closure))
#27 C:\\Users\\Motamed\\Desktop\\GraduationProject\\AppApi\\vendor\\laravel\\framework\\src\\Illuminate\\Foundation\\Http\\Middleware\\PreventRequestsDuringMaintenance.php(86): Illuminate\\Pipeline\\Pipeline->Illuminate\\Pipeline\\{closure}(Object(Illuminate\\Http\\Request))
#28 C:\\Users\\Motamed\\Desktop\\GraduationProject\\AppApi\\vendor\\laravel\\framework\\src\\Illuminate\\Pipeline\\Pipeline.php(167): Illuminate\\Foundation\\Http\\Middleware\\PreventRequestsDuringMaintenance->handle(Object(Illuminate\\Http\\Request), Object(Closure))
#29 C:\\Users\\Motamed\\Desktop\\GraduationProject\\AppApi\\vendor\\fruitcake\\laravel-cors\\src\\HandleCors.php(37): Illuminate\\Pipeline\\Pipeline->Illuminate\\Pipeline\\{closure}(Object(Illuminate\\Http\\Request))
#30 C:\\Users\\Motamed\\Desktop\\GraduationProject\\AppApi\\vendor\\laravel\\framework\\src\\Illuminate\\Pipeline\\Pipeline.php(167): Fruitcake\\Cors\\HandleCors->handle(Object(Illuminate\\Http\\Request), Object(Closure))
#31 C:\\Users\\Motamed\\Desktop\\GraduationProject\\AppApi\\vendor\\fideloper\\proxy\\src\\TrustProxies.php(57): Illuminate\\Pipeline\\Pipeline->Illuminate\\Pipeline\\{closure}(Object(Illuminate\\Http\\Request))
#32 C:\\Users\\Motamed\\Desktop\\GraduationProject\\AppApi\\vendor\\laravel\\framework\\src\\Illuminate\\Pipeline\\Pipeline.php(167): Fideloper\\Proxy\\TrustProxies->handle(Object(Illuminate\\Http\\Request), Object(Closure))
#33 C:\\Users\\Motamed\\Desktop\\GraduationProject\\AppApi\\vendor\\laravel\\framework\\src\\Illuminate\\Pipeline\\Pipeline.php(103): Illuminate\\Pipeline\\Pipeline->Illuminate\\Pipeline\\{closure}(Object(Illuminate\\Http\\Request))
#34 C:\\Users\\Motamed\\Desktop\\GraduationProject\\AppApi\\vendor\\laravel\\framework\\src\\Illuminate\\Foundation\\Http\\Kernel.php(141): Illuminate\\Pipeline\\Pipeline->then(Object(Closure))
#35 C:\\Users\\Motamed\\Desktop\\GraduationProject\\AppApi\\vendor\\laravel\\framework\\src\\Illuminate\\Foundation\\Http\\Kernel.php(110): Illuminate\\Foundation\\Http\\Kernel->sendRequestThroughRouter(Object(Illuminate\\Http\\Request))
#36 C:\\Users\\Motamed\\Desktop\\GraduationProject\\AppApi\\public\\index.php(52): Illuminate\\Foundation\\Http\\Kernel->handle(Object(Illuminate\\Http\\Request))
#37 C:\\Users\\Motamed\\Desktop\\GraduationProject\\AppApi\\server.php(21): require_once('C:\\\\Users\\\\Motame...')
#38 {main}
"} 
[2021-05-07 13:50:57] local.INFO: array (
  'id' => '1',
)  
[2021-05-07 13:50:57] local.INFO: 3  
[2021-05-07 13:50:57] local.ERROR: Trying to get property 'name' of non-object {"userId":3,"exception":"[object] (ErrorException(code: 0): Trying to get property 'name' of non-object at C:\\Users\\Motamed\\Desktop\\GraduationProject\\AppApi\\app\\Http\\Resources\\OrderProductsResource.php:25)
[stacktrace]
#0 C:\\Users\\Motamed\\Desktop\\GraduationProject\\AppApi\\app\\Http\\Resources\\OrderProductsResource.php(25): Illuminate\\Foundation\\Bootstrap\\HandleExceptions->handleError(8, 'Trying to get p...', 'C:\\\\Users\\\\Motame...', 25, Array)
#1 C:\\Users\\Motamed\\Desktop\\GraduationProject\\AppApi\\vendor\\laravel\\framework\\src\\Illuminate\\Collections\\HigherOrderCollectionProxy.php(60): App\\Http\\Resources\\OrderProductsResource->toArray(Object(Illuminate\\Http\\Request))
#2 [internal function]: Illuminate\\Support\\HigherOrderCollectionProxy->Illuminate\\Support\\{closure}(Object(App\\Http\\Resources\\OrderProductsResource), 0)
#3 C:\\Users\\Motamed\\Desktop\\GraduationProject\\AppApi\\vendor\\laravel\\framework\\src\\Illuminate\\Collections\\Collection.php(640): array_map(Object(Closure), Array, Array)
#4 C:\\Users\\Motamed\\Desktop\\GraduationProject\\AppApi\\vendor\\laravel\\framework\\src\\Illuminate\\Collections\\HigherOrderCollectionProxy.php(61): Illuminate\\Support\\Collection->map(Object(Closure))
#5 C:\\Users\\Motamed\\Desktop\\GraduationProject\\AppApi\\vendor\\laravel\\framework\\src\\Illuminate\\Http\\Resources\\Json\\ResourceCollection.php(100): Illuminate\\Support\\HigherOrderCollectionProxy->__call('toArray', Array)
#6 C:\\Users\\Motamed\\Desktop\\GraduationProject\\AppApi\\vendor\\laravel\\framework\\src\\Illuminate\\Http\\Resources\\Json\\JsonResource.php(95): Illuminate\\Http\\Resources\\Json\\ResourceCollection->toArray(Object(Illuminate\\Http\\Request))
#7 C:\\Users\\Motamed\\Desktop\\GraduationProject\\AppApi\\vendor\\laravel\\framework\\src\\Illuminate\\Http\\Resources\\Json\\ResourceResponse.php(39): Illuminate\\Http\\Resources\\Json\\JsonResource->resolve(Object(Illuminate\\Http\\Request))
#8 C:\\Users\\Motamed\\Desktop\\GraduationProject\\AppApi\\vendor\\laravel\\framework\\src\\Illuminate\\Http\\Resources\\Json\\JsonResource.php(221): Illuminate\\Http\\Resources\\Json\\ResourceResponse->toResponse(Object(Illuminate\\Http\\Request))
#9 C:\\Users\\Motamed\\Desktop\\GraduationProject\\AppApi\\vendor\\laravel\\framework\\src\\Illuminate\\Http\\Resources\\Json\\ResourceCollection.php(115): Illuminate\\Http\\Resources\\Json\\JsonResource->toResponse(Object(Illuminate\\Http\\Request))
#10 C:\\Users\\Motamed\\Desktop\\GraduationProject\\AppApi\\vendor\\laravel\\framework\\src\\Illuminate\\Routing\\Router.php(772): Illuminate\\Http\\Resources\\Json\\ResourceCollection->toResponse(Object(Illuminate\\Http\\Request))
#11 C:\\Users\\Motamed\\Desktop\\GraduationProject\\AppApi\\vendor\\laravel\\framework\\src\\Illuminate\\Routing\\Router.php(759): Illuminate\\Routing\\Router::toResponse(Object(Illuminate\\Http\\Request), Object(Illuminate\\Http\\Resources\\Json\\AnonymousResourceCollection))
#12 C:\\Users\\Motamed\\Desktop\\GraduationProject\\AppApi\\vendor\\laravel\\framework\\src\\Illuminate\\Routing\\Router.php(693): Illuminate\\Routing\\Router->prepareResponse(Object(Illuminate\\Http\\Request), Object(Illuminate\\Http\\Resources\\Json\\AnonymousResourceCollection))
#13 C:\\Users\\Motamed\\Desktop\\GraduationProject\\AppApi\\vendor\\laravel\\framework\\src\\Illuminate\\Pipeline\\Pipeline.php(128): Illuminate\\Routing\\Router->Illuminate\\Routing\\{closure}(Object(Illuminate\\Http\\Request))
#14 C:\\Users\\Motamed\\Desktop\\GraduationProject\\AppApi\\vendor\\laravel\\framework\\src\\Illuminate\\Routing\\Middleware\\SubstituteBindings.php(50): Illuminate\\Pipeline\\Pipeline->Illuminate\\Pipeline\\{closure}(Object(Illuminate\\Http\\Request))
#15 C:\\Users\\Motamed\\Desktop\\GraduationProject\\AppApi\\vendor\\laravel\\framework\\src\\Illuminate\\Pipeline\\Pipeline.php(167): Illuminate\\Routing\\Middleware\\SubstituteBindings->handle(Object(Illuminate\\Http\\Request), Object(Closure))
#16 C:\\Users\\Motamed\\Desktop\\GraduationProject\\AppApi\\vendor\\laravel\\framework\\src\\Illuminate\\Routing\\Middleware\\ThrottleRequests.php(127): Illuminate\\Pipeline\\Pipeline->Illuminate\\Pipeline\\{closure}(Object(Illuminate\\Http\\Request))
#17 C:\\Users\\Motamed\\Desktop\\GraduationProject\\AppApi\\vendor\\laravel\\framework\\src\\Illuminate\\Routing\\Middleware\\ThrottleRequests.php(103): Illuminate\\Routing\\Middleware\\ThrottleRequests->handleRequest(Object(Illuminate\\Http\\Request), Object(Closure), Array)
#18 C:\\Users\\Motamed\\Desktop\\GraduationProject\\AppApi\\vendor\\laravel\\framework\\src\\Illuminate\\Routing\\Middleware\\ThrottleRequests.php(55): Illuminate\\Routing\\Middleware\\ThrottleRequests->handleRequestUsingNamedLimiter(Object(Illuminate\\Http\\Request), Object(Closure), 'api', Object(Closure))
#19 C:\\Users\\Motamed\\Desktop\\GraduationProject\\AppApi\\vendor\\laravel\\framework\\src\\Illuminate\\Pipeline\\Pipeline.php(167): Illuminate\\Routing\\Middleware\\ThrottleRequests->handle(Object(Illuminate\\Http\\Request), Object(Closure), 'api')
#20 C:\\Users\\Motamed\\Desktop\\GraduationProject\\AppApi\\vendor\\laravel\\framework\\src\\Illuminate\\Auth\\Middleware\\Authenticate.php(44): Illuminate\\Pipeline\\Pipeline->Illuminate\\Pipeline\\{closure}(Object(Illuminate\\Http\\Request))
#21 C:\\Users\\Motamed\\Desktop\\GraduationProject\\AppApi\\vendor\\laravel\\framework\\src\\Illuminate\\Pipeline\\Pipeline.php(167): Illuminate\\Auth\\Middleware\\Authenticate->handle(Object(Illuminate\\Http\\Request), Object(Closure), 'seller_api')
#22 C:\\Users\\Motamed\\Desktop\\GraduationProject\\AppApi\\vendor\\laravel\\framework\\src\\Illuminate\\Pipeline\\Pipeline.php(103): Illuminate\\Pipeline\\Pipeline->Illuminate\\Pipeline\\{closure}(Object(Illuminate\\Http\\Request))
#23 C:\\Users\\Motamed\\Desktop\\GraduationProject\\AppApi\\vendor\\laravel\\framework\\src\\Illuminate\\Routing\\Router.php(695): Illuminate\\Pipeline\\Pipeline->then(Object(Closure))
#24 C:\\Users\\Motamed\\Desktop\\GraduationProject\\AppApi\\vendor\\laravel\\framework\\src\\Illuminate\\Routing\\Router.php(670): Illuminate\\Routing\\Router->runRouteWithinStack(Object(Illuminate\\Routing\\Route), Object(Illuminate\\Http\\Request))
#25 C:\\Users\\Motamed\\Desktop\\GraduationProject\\AppApi\\vendor\\laravel\\framework\\src\\Illuminate\\Routing\\Router.php(636): Illuminate\\Routing\\Router->runRoute(Object(Illuminate\\Http\\Request), Object(Illuminate\\Routing\\Route))
#26 C:\\Users\\Motamed\\Desktop\\GraduationProject\\AppApi\\vendor\\laravel\\framework\\src\\Illuminate\\Routing\\Router.php(625): Illuminate\\Routing\\Router->dispatchToRoute(Object(Illuminate\\Http\\Request))
#27 C:\\Users\\Motamed\\Desktop\\GraduationProject\\AppApi\\vendor\\laravel\\framework\\src\\Illuminate\\Foundation\\Http\\Kernel.php(166): Illuminate\\Routing\\Router->dispatch(Object(Illuminate\\Http\\Request))
#28 C:\\Users\\Motamed\\Desktop\\GraduationProject\\AppApi\\vendor\\laravel\\framework\\src\\Illuminate\\Pipeline\\Pipeline.php(128): Illuminate\\Foundation\\Http\\Kernel->Illuminate\\Foundation\\Http\\{closure}(Object(Illuminate\\Http\\Request))
#29 C:\\Users\\Motamed\\Desktop\\GraduationProject\\AppApi\\vendor\\laravel\\framework\\src\\Illuminate\\Foundation\\Http\\Middleware\\TransformsRequest.php(21): Illuminate\\Pipeline\\Pipeline->Illuminate\\Pipeline\\{closure}(Object(Illuminate\\Http\\Request))
#30 C:\\Users\\Motamed\\Desktop\\GraduationProject\\AppApi\\vendor\\laravel\\framework\\src\\Illuminate\\Pipeline\\Pipeline.php(167): Illuminate\\Foundation\\Http\\Middleware\\TransformsRequest->handle(Object(Illuminate\\Http\\Request), Object(Closure))
#31 C:\\Users\\Motamed\\Desktop\\GraduationProject\\AppApi\\vendor\\laravel\\framework\\src\\Illuminate\\Foundation\\Http\\Middleware\\TransformsRequest.php(21): Illuminate\\Pipeline\\Pipeline->Illuminate\\Pipeline\\{closure}(Object(Illuminate\\Http\\Request))
#32 C:\\Users\\Motamed\\Desktop\\GraduationProject\\AppApi\\vendor\\laravel\\framework\\src\\Illuminate\\Pipeline\\Pipeline.php(167): Illuminate\\Foundation\\Http\\Middleware\\TransformsRequest->handle(Object(Illuminate\\Http\\Request), Object(Closure))
#33 C:\\Users\\Motamed\\Desktop\\GraduationProject\\AppApi\\vendor\\laravel\\framework\\src\\Illuminate\\Foundation\\Http\\Middleware\\ValidatePostSize.php(27): Illuminate\\Pipeline\\Pipeline->Illuminate\\Pipeline\\{closure}(Object(Illuminate\\Http\\Request))
#34 C:\\Users\\Motamed\\Desktop\\GraduationProject\\AppApi\\vendor\\laravel\\framework\\src\\Illuminate\\Pipeline\\Pipeline.php(167): Illuminate\\Foundation\\Http\\Middleware\\ValidatePostSize->handle(Object(Illuminate\\Http\\Request), Object(Closure))
#35 C:\\Users\\Motamed\\Desktop\\GraduationProject\\AppApi\\vendor\\laravel\\framework\\src\\Illuminate\\Foundation\\Http\\Middleware\\PreventRequestsDuringMaintenance.php(86): Illuminate\\Pipeline\\Pipeline->Illuminate\\Pipeline\\{closure}(Object(Illuminate\\Http\\Request))
#36 C:\\Users\\Motamed\\Desktop\\GraduationProject\\AppApi\\vendor\\laravel\\framework\\src\\Illuminate\\Pipeline\\Pipeline.php(167): Illuminate\\Foundation\\Http\\Middleware\\PreventRequestsDuringMaintenance->handle(Object(Illuminate\\Http\\Request), Object(Closure))
#37 C:\\Users\\Motamed\\Desktop\\GraduationProject\\AppApi\\vendor\\fruitcake\\laravel-cors\\src\\HandleCors.php(37): Illuminate\\Pipeline\\Pipeline->Illuminate\\Pipeline\\{closure}(Object(Illuminate\\Http\\Request))
#38 C:\\Users\\Motamed\\Desktop\\GraduationProject\\AppApi\\vendor\\laravel\\framework\\src\\Illuminate\\Pipeline\\Pipeline.php(167): Fruitcake\\Cors\\HandleCors->handle(Object(Illuminate\\Http\\Request), Object(Closure))
#39 C:\\Users\\Motamed\\Desktop\\GraduationProject\\AppApi\\vendor\\fideloper\\proxy\\src\\TrustProxies.php(57): Illuminate\\Pipeline\\Pipeline->Illuminate\\Pipeline\\{closure}(Object(Illuminate\\Http\\Request))
#40 C:\\Users\\Motamed\\Desktop\\GraduationProject\\AppApi\\vendor\\laravel\\framework\\src\\Illuminate\\Pipeline\\Pipeline.php(167): Fideloper\\Proxy\\TrustProxies->handle(Object(Illuminate\\Http\\Request), Object(Closure))
#41 C:\\Users\\Motamed\\Desktop\\GraduationProject\\AppApi\\vendor\\laravel\\framework\\src\\Illuminate\\Pipeline\\Pipeline.php(103): Illuminate\\Pipeline\\Pipeline->Illuminate\\Pipeline\\{closure}(Object(Illuminate\\Http\\Request))
#42 C:\\Users\\Motamed\\Desktop\\GraduationProject\\AppApi\\vendor\\laravel\\framework\\src\\Illuminate\\Foundation\\Http\\Kernel.php(141): Illuminate\\Pipeline\\Pipeline->then(Object(Closure))
#43 C:\\Users\\Motamed\\Desktop\\GraduationProject\\AppApi\\vendor\\laravel\\framework\\src\\Illuminate\\Foundation\\Http\\Kernel.php(110): Illuminate\\Foundation\\Http\\Kernel->sendRequestThroughRouter(Object(Illuminate\\Http\\Request))
#44 C:\\Users\\Motamed\\Desktop\\GraduationProject\\AppApi\\public\\index.php(52): Illuminate\\Foundation\\Http\\Kernel->handle(Object(Illuminate\\Http\\Request))
#45 C:\\Users\\Motamed\\Desktop\\GraduationProject\\AppApi\\server.php(21): require_once('C:\\\\Users\\\\Motame...')
#46 {main}
"} 
[2021-05-07 13:52:34] local.INFO: array (
  'id' => '1',
)  
[2021-05-07 13:52:34] local.INFO: 3  
[2021-05-07 13:52:34] local.ERROR: Recursion detected {"userId":3,"exception":"[object] (InvalidArgumentException(code: 0): Recursion detected at C:\\Users\\Motamed\\Desktop\\GraduationProject\\AppApi\\vendor\\laravel\\framework\\src\\Illuminate\\Http\\JsonResponse.php:75)
[stacktrace]
#0 C:\\Users\\Motamed\\Desktop\\GraduationProject\\AppApi\\vendor\\symfony\\http-foundation\\JsonResponse.php(54): Illuminate\\Http\\JsonResponse->setData(Array)
#1 C:\\Users\\Motamed\\Desktop\\GraduationProject\\AppApi\\vendor\\laravel\\framework\\src\\Illuminate\\Http\\JsonResponse.php(31): Symfony\\Component\\HttpFoundation\\JsonResponse->__construct(Array, 200, Array)
#2 C:\\Users\\Motamed\\Desktop\\GraduationProject\\AppApi\\vendor\\laravel\\framework\\src\\Illuminate\\Routing\\ResponseFactory.php(99): Illuminate\\Http\\JsonResponse->__construct(Array, 200, Array, 0)
#3 C:\\Users\\Motamed\\Desktop\\GraduationProject\\AppApi\\vendor\\laravel\\framework\\src\\Illuminate\\Http\\Resources\\Json\\ResourceResponse.php(43): Illuminate\\Routing\\ResponseFactory->json(Array, 200)
#4 C:\\Users\\Motamed\\Desktop\\GraduationProject\\AppApi\\vendor\\laravel\\framework\\src\\Illuminate\\Http\\Resources\\Json\\JsonResource.php(221): Illuminate\\Http\\Resources\\Json\\ResourceResponse->toResponse(Object(Illuminate\\Http\\Request))
#5 C:\\Users\\Motamed\\Desktop\\GraduationProject\\AppApi\\vendor\\laravel\\framework\\src\\Illuminate\\Http\\Resources\\Json\\ResourceCollection.php(115): Illuminate\\Http\\Resources\\Json\\JsonResource->toResponse(Object(Illuminate\\Http\\Request))
#6 C:\\Users\\Motamed\\Desktop\\GraduationProject\\AppApi\\vendor\\laravel\\framework\\src\\Illuminate\\Routing\\Router.php(772): Illuminate\\Http\\Resources\\Json\\ResourceCollection->toResponse(Object(Illuminate\\Http\\Request))
#7 C:\\Users\\Motamed\\Desktop\\GraduationProject\\AppApi\\vendor\\laravel\\framework\\src\\Illuminate\\Routing\\Router.php(759): Illuminate\\Routing\\Router::toResponse(Object(Illuminate\\Http\\Request), Object(Illuminate\\Http\\Resources\\Json\\AnonymousResourceCollection))
#8 C:\\Users\\Motamed\\Desktop\\GraduationProject\\AppApi\\vendor\\laravel\\framework\\src\\Illuminate\\Routing\\Router.php(693): Illuminate\\Routing\\Router->prepareResponse(Object(Illuminate\\Http\\Request), Object(Illuminate\\Http\\Resources\\Json\\AnonymousResourceCollection))
#9 C:\\Users\\Motamed\\Desktop\\GraduationProject\\AppApi\\vendor\\laravel\\framework\\src\\Illuminate\\Pipeline\\Pipeline.php(128): Illuminate\\Routing\\Router->Illuminate\\Routing\\{closure}(Object(Illuminate\\Http\\Request))
#10 C:\\Users\\Motamed\\Desktop\\GraduationProject\\AppApi\\vendor\\laravel\\framework\\src\\Illuminate\\Routing\\Middleware\\SubstituteBindings.php(50): Illuminate\\Pipeline\\Pipeline->Illuminate\\Pipeline\\{closure}(Object(Illuminate\\Http\\Request))
#11 C:\\Users\\Motamed\\Desktop\\GraduationProject\\AppApi\\vendor\\laravel\\framework\\src\\Illuminate\\Pipeline\\Pipeline.php(167): Illuminate\\Routing\\Middleware\\SubstituteBindings->handle(Object(Illuminate\\Http\\Request), Object(Closure))
#12 C:\\Users\\Motamed\\Desktop\\GraduationProject\\AppApi\\vendor\\laravel\\framework\\src\\Illuminate\\Routing\\Middleware\\ThrottleRequests.php(127): Illuminate\\Pipeline\\Pipeline->Illuminate\\Pipeline\\{closure}(Object(Illuminate\\Http\\Request))
#13 C:\\Users\\Motamed\\Desktop\\GraduationProject\\AppApi\\vendor\\laravel\\framework\\src\\Illuminate\\Routing\\Middleware\\ThrottleRequests.php(103): Illuminate\\Routing\\Middleware\\ThrottleRequests->handleRequest(Object(Illuminate\\Http\\Request), Object(Closure), Array)
#14 C:\\Users\\Motamed\\Desktop\\GraduationProject\\AppApi\\vendor\\laravel\\framework\\src\\Illuminate\\Routing\\Middleware\\ThrottleRequests.php(55): Illuminate\\Routing\\Middleware\\ThrottleRequests->handleRequestUsingNamedLimiter(Object(Illuminate\\Http\\Request), Object(Closure), 'api', Object(Closure))
#15 C:\\Users\\Motamed\\Desktop\\GraduationProject\\AppApi\\vendor\\laravel\\framework\\src\\Illuminate\\Pipeline\\Pipeline.php(167): Illuminate\\Routing\\Middleware\\ThrottleRequests->handle(Object(Illuminate\\Http\\Request), Object(Closure), 'api')
#16 C:\\Users\\Motamed\\Desktop\\GraduationProject\\AppApi\\vendor\\laravel\\framework\\src\\Illuminate\\Auth\\Middleware\\Authenticate.php(44): Illuminate\\Pipeline\\Pipeline->Illuminate\\Pipeline\\{closure}(Object(Illuminate\\Http\\Request))
#17 C:\\Users\\Motamed\\Desktop\\GraduationProject\\AppApi\\vendor\\laravel\\framework\\src\\Illuminate\\Pipeline\\Pipeline.php(167): Illuminate\\Auth\\Middleware\\Authenticate->handle(Object(Illuminate\\Http\\Request), Object(Closure), 'seller_api')
#18 C:\\Users\\Motamed\\Desktop\\GraduationProject\\AppApi\\vendor\\laravel\\framework\\src\\Illuminate\\Pipeline\\Pipeline.php(103): Illuminate\\Pipeline\\Pipeline->Illuminate\\Pipeline\\{closure}(Object(Illuminate\\Http\\Request))
#19 C:\\Users\\Motamed\\Desktop\\GraduationProject\\AppApi\\vendor\\laravel\\framework\\src\\Illuminate\\Routing\\Router.php(695): Illuminate\\Pipeline\\Pipeline->then(Object(Closure))
#20 C:\\Users\\Motamed\\Desktop\\GraduationProject\\AppApi\\vendor\\laravel\\framework\\src\\Illuminate\\Routing\\Router.php(670): Illuminate\\Routing\\Router->runRouteWithinStack(Object(Illuminate\\Routing\\Route), Object(Illuminate\\Http\\Request))
#21 C:\\Users\\Motamed\\Desktop\\GraduationProject\\AppApi\\vendor\\laravel\\framework\\src\\Illuminate\\Routing\\Router.php(636): Illuminate\\Routing\\Router->runRoute(Object(Illuminate\\Http\\Request), Object(Illuminate\\Routing\\Route))
#22 C:\\Users\\Motamed\\Desktop\\GraduationProject\\AppApi\\vendor\\laravel\\framework\\src\\Illuminate\\Routing\\Router.php(625): Illuminate\\Routing\\Router->dispatchToRoute(Object(Illuminate\\Http\\Request))
#23 C:\\Users\\Motamed\\Desktop\\GraduationProject\\AppApi\\vendor\\laravel\\framework\\src\\Illuminate\\Foundation\\Http\\Kernel.php(166): Illuminate\\Routing\\Router->dispatch(Object(Illuminate\\Http\\Request))
#24 C:\\Users\\Motamed\\Desktop\\GraduationProject\\AppApi\\vendor\\laravel\\framework\\src\\Illuminate\\Pipeline\\Pipeline.php(128): Illuminate\\Foundation\\Http\\Kernel->Illuminate\\Foundation\\Http\\{closure}(Object(Illuminate\\Http\\Request))
#25 C:\\Users\\Motamed\\Desktop\\GraduationProject\\AppApi\\vendor\\laravel\\framework\\src\\Illuminate\\Foundation\\Http\\Middleware\\TransformsRequest.php(21): Illuminate\\Pipeline\\Pipeline->Illuminate\\Pipeline\\{closure}(Object(Illuminate\\Http\\Request))
#26 C:\\Users\\Motamed\\Desktop\\GraduationProject\\AppApi\\vendor\\laravel\\framework\\src\\Illuminate\\Pipeline\\Pipeline.php(167): Illuminate\\Foundation\\Http\\Middleware\\TransformsRequest->handle(Object(Illuminate\\Http\\Request), Object(Closure))
#27 C:\\Users\\Motamed\\Desktop\\GraduationProject\\AppApi\\vendor\\laravel\\framework\\src\\Illuminate\\Foundation\\Http\\Middleware\\TransformsRequest.php(21): Illuminate\\Pipeline\\Pipeline->Illuminate\\Pipeline\\{closure}(Object(Illuminate\\Http\\Request))
#28 C:\\Users\\Motamed\\Desktop\\GraduationProject\\AppApi\\vendor\\laravel\\framework\\src\\Illuminate\\Pipeline\\Pipeline.php(167): Illuminate\\Foundation\\Http\\Middleware\\TransformsRequest->handle(Object(Illuminate\\Http\\Request), Object(Closure))
#29 C:\\Users\\Motamed\\Desktop\\GraduationProject\\AppApi\\vendor\\laravel\\framework\\src\\Illuminate\\Foundation\\Http\\Middleware\\ValidatePostSize.php(27): Illuminate\\Pipeline\\Pipeline->Illuminate\\Pipeline\\{closure}(Object(Illuminate\\Http\\Request))
#30 C:\\Users\\Motamed\\Desktop\\GraduationProject\\AppApi\\vendor\\laravel\\framework\\src\\Illuminate\\Pipeline\\Pipeline.php(167): Illuminate\\Foundation\\Http\\Middleware\\ValidatePostSize->handle(Object(Illuminate\\Http\\Request), Object(Closure))
#31 C:\\Users\\Motamed\\Desktop\\GraduationProject\\AppApi\\vendor\\laravel\\framework\\src\\Illuminate\\Foundation\\Http\\Middleware\\PreventRequestsDuringMaintenance.php(86): Illuminate\\Pipeline\\Pipeline->Illuminate\\Pipeline\\{closure}(Object(Illuminate\\Http\\Request))
#32 C:\\Users\\Motamed\\Desktop\\GraduationProject\\AppApi\\vendor\\laravel\\framework\\src\\Illuminate\\Pipeline\\Pipeline.php(167): Illuminate\\Foundation\\Http\\Middleware\\PreventRequestsDuringMaintenance->handle(Object(Illuminate\\Http\\Request), Object(Closure))
#33 C:\\Users\\Motamed\\Desktop\\GraduationProject\\AppApi\\vendor\\fruitcake\\laravel-cors\\src\\HandleCors.php(37): Illuminate\\Pipeline\\Pipeline->Illuminate\\Pipeline\\{closure}(Object(Illuminate\\Http\\Request))
#34 C:\\Users\\Motamed\\Desktop\\GraduationProject\\AppApi\\vendor\\laravel\\framework\\src\\Illuminate\\Pipeline\\Pipeline.php(167): Fruitcake\\Cors\\HandleCors->handle(Object(Illuminate\\Http\\Request), Object(Closure))
#35 C:\\Users\\Motamed\\Desktop\\GraduationProject\\AppApi\\vendor\\fideloper\\proxy\\src\\TrustProxies.php(57): Illuminate\\Pipeline\\Pipeline->Illuminate\\Pipeline\\{closure}(Object(Illuminate\\Http\\Request))
#36 C:\\Users\\Motamed\\Desktop\\GraduationProject\\AppApi\\vendor\\laravel\\framework\\src\\Illuminate\\Pipeline\\Pipeline.php(167): Fideloper\\Proxy\\TrustProxies->handle(Object(Illuminate\\Http\\Request), Object(Closure))
#37 C:\\Users\\Motamed\\Desktop\\GraduationProject\\AppApi\\vendor\\laravel\\framework\\src\\Illuminate\\Pipeline\\Pipeline.php(103): Illuminate\\Pipeline\\Pipeline->Illuminate\\Pipeline\\{closure}(Object(Illuminate\\Http\\Request))
#38 C:\\Users\\Motamed\\Desktop\\GraduationProject\\AppApi\\vendor\\laravel\\framework\\src\\Illuminate\\Foundation\\Http\\Kernel.php(141): Illuminate\\Pipeline\\Pipeline->then(Object(Closure))
#39 C:\\Users\\Motamed\\Desktop\\GraduationProject\\AppApi\\vendor\\laravel\\framework\\src\\Illuminate\\Foundation\\Http\\Kernel.php(110): Illuminate\\Foundation\\Http\\Kernel->sendRequestThroughRouter(Object(Illuminate\\Http\\Request))
#40 C:\\Users\\Motamed\\Desktop\\GraduationProject\\AppApi\\public\\index.php(52): Illuminate\\Foundation\\Http\\Kernel->handle(Object(Illuminate\\Http\\Request))
#41 C:\\Users\\Motamed\\Desktop\\GraduationProject\\AppApi\\server.php(21): require_once('C:\\\\Users\\\\Motame...')
#42 {main}
"} 
[2021-05-07 13:53:19] local.INFO: array (
  'id' => '1',
)  
[2021-05-07 13:53:19] local.INFO: 3  
[2021-05-07 13:55:17] local.INFO: array (
  'id' => '1',
)  
[2021-05-07 13:55:17] local.INFO: 3  
[2021-05-07 13:55:17] local.ERROR: Trying to get property 'id' of non-object {"userId":3,"exception":"[object] (ErrorException(code: 0): Trying to get property 'id' of non-object at C:\\Users\\Motamed\\Desktop\\GraduationProject\\AppApi\\app\\Http\\Resources\\OrderProductsResource.php:25)
[stacktrace]
#0 C:\\Users\\Motamed\\Desktop\\GraduationProject\\AppApi\\app\\Http\\Resources\\OrderProductsResource.php(25): Illuminate\\Foundation\\Bootstrap\\HandleExceptions->handleError(8, 'Trying to get p...', 'C:\\\\Users\\\\Motame...', 25, Array)
#1 C:\\Users\\Motamed\\Desktop\\GraduationProject\\AppApi\\vendor\\laravel\\framework\\src\\Illuminate\\Collections\\HigherOrderCollectionProxy.php(60): App\\Http\\Resources\\OrderProductsResource->toArray(Object(Illuminate\\Http\\Request))
#2 [internal function]: Illuminate\\Support\\HigherOrderCollectionProxy->Illuminate\\Support\\{closure}(Object(App\\Http\\Resources\\OrderProductsResource), 0)
#3 C:\\Users\\Motamed\\Desktop\\GraduationProject\\AppApi\\vendor\\laravel\\framework\\src\\Illuminate\\Collections\\Collection.php(640): array_map(Object(Closure), Array, Array)
#4 C:\\Users\\Motamed\\Desktop\\GraduationProject\\AppApi\\vendor\\laravel\\framework\\src\\Illuminate\\Collections\\HigherOrderCollectionProxy.php(61): Illuminate\\Support\\Collection->map(Object(Closure))
#5 C:\\Users\\Motamed\\Desktop\\GraduationProject\\AppApi\\vendor\\laravel\\framework\\src\\Illuminate\\Http\\Resources\\Json\\ResourceCollection.php(100): Illuminate\\Support\\HigherOrderCollectionProxy->__call('toArray', Array)
#6 C:\\Users\\Motamed\\Desktop\\GraduationProject\\AppApi\\vendor\\laravel\\framework\\src\\Illuminate\\Http\\Resources\\Json\\JsonResource.php(95): Illuminate\\Http\\Resources\\Json\\ResourceCollection->toArray(Object(Illuminate\\Http\\Request))
#7 C:\\Users\\Motamed\\Desktop\\GraduationProject\\AppApi\\vendor\\laravel\\framework\\src\\Illuminate\\Http\\Resources\\Json\\ResourceResponse.php(39): Illuminate\\Http\\Resources\\Json\\JsonResource->resolve(Object(Illuminate\\Http\\Request))
#8 C:\\Users\\Motamed\\Desktop\\GraduationProject\\AppApi\\vendor\\laravel\\framework\\src\\Illuminate\\Http\\Resources\\Json\\JsonResource.php(221): Illuminate\\Http\\Resources\\Json\\ResourceResponse->toResponse(Object(Illuminate\\Http\\Request))
#9 C:\\Users\\Motamed\\Desktop\\GraduationProject\\AppApi\\vendor\\laravel\\framework\\src\\Illuminate\\Http\\Resources\\Json\\ResourceCollection.php(115): Illuminate\\Http\\Resources\\Json\\JsonResource->toResponse(Object(Illuminate\\Http\\Request))
#10 C:\\Users\\Motamed\\Desktop\\GraduationProject\\AppApi\\vendor\\laravel\\framework\\src\\Illuminate\\Routing\\Router.php(772): Illuminate\\Http\\Resources\\Json\\ResourceCollection->toResponse(Object(Illuminate\\Http\\Request))
#11 C:\\Users\\Motamed\\Desktop\\GraduationProject\\AppApi\\vendor\\laravel\\framework\\src\\Illuminate\\Routing\\Router.php(759): Illuminate\\Routing\\Router::toResponse(Object(Illuminate\\Http\\Request), Object(Illuminate\\Http\\Resources\\Json\\AnonymousResourceCollection))
#12 C:\\Users\\Motamed\\Desktop\\GraduationProject\\AppApi\\vendor\\laravel\\framework\\src\\Illuminate\\Routing\\Router.php(693): Illuminate\\Routing\\Router->prepareResponse(Object(Illuminate\\Http\\Request), Object(Illuminate\\Http\\Resources\\Json\\AnonymousResourceCollection))
#13 C:\\Users\\Motamed\\Desktop\\GraduationProject\\AppApi\\vendor\\laravel\\framework\\src\\Illuminate\\Pipeline\\Pipeline.php(128): Illuminate\\Routing\\Router->Illuminate\\Routing\\{closure}(Object(Illuminate\\Http\\Request))
#14 C:\\Users\\Motamed\\Desktop\\GraduationProject\\AppApi\\vendor\\laravel\\framework\\src\\Illuminate\\Routing\\Middleware\\SubstituteBindings.php(50): Illuminate\\Pipeline\\Pipeline->Illuminate\\Pipeline\\{closure}(Object(Illuminate\\Http\\Request))
#15 C:\\Users\\Motamed\\Desktop\\GraduationProject\\AppApi\\vendor\\laravel\\framework\\src\\Illuminate\\Pipeline\\Pipeline.php(167): Illuminate\\Routing\\Middleware\\SubstituteBindings->handle(Object(Illuminate\\Http\\Request), Object(Closure))
#16 C:\\Users\\Motamed\\Desktop\\GraduationProject\\AppApi\\vendor\\laravel\\framework\\src\\Illuminate\\Routing\\Middleware\\ThrottleRequests.php(127): Illuminate\\Pipeline\\Pipeline->Illuminate\\Pipeline\\{closure}(Object(Illuminate\\Http\\Request))
#17 C:\\Users\\Motamed\\Desktop\\GraduationProject\\AppApi\\vendor\\laravel\\framework\\src\\Illuminate\\Routing\\Middleware\\ThrottleRequests.php(103): Illuminate\\Routing\\Middleware\\ThrottleRequests->handleRequest(Object(Illuminate\\Http\\Request), Object(Closure), Array)
#18 C:\\Users\\Motamed\\Desktop\\GraduationProject\\AppApi\\vendor\\laravel\\framework\\src\\Illuminate\\Routing\\Middleware\\ThrottleRequests.php(55): Illuminate\\Routing\\Middleware\\ThrottleRequests->handleRequestUsingNamedLimiter(Object(Illuminate\\Http\\Request), Object(Closure), 'api', Object(Closure))
#19 C:\\Users\\Motamed\\Desktop\\GraduationProject\\AppApi\\vendor\\laravel\\framework\\src\\Illuminate\\Pipeline\\Pipeline.php(167): Illuminate\\Routing\\Middleware\\ThrottleRequests->handle(Object(Illuminate\\Http\\Request), Object(Closure), 'api')
#20 C:\\Users\\Motamed\\Desktop\\GraduationProject\\AppApi\\vendor\\laravel\\framework\\src\\Illuminate\\Auth\\Middleware\\Authenticate.php(44): Illuminate\\Pipeline\\Pipeline->Illuminate\\Pipeline\\{closure}(Object(Illuminate\\Http\\Request))
#21 C:\\Users\\Motamed\\Desktop\\GraduationProject\\AppApi\\vendor\\laravel\\framework\\src\\Illuminate\\Pipeline\\Pipeline.php(167): Illuminate\\Auth\\Middleware\\Authenticate->handle(Object(Illuminate\\Http\\Request), Object(Closure), 'seller_api')
#22 C:\\Users\\Motamed\\Desktop\\GraduationProject\\AppApi\\vendor\\laravel\\framework\\src\\Illuminate\\Pipeline\\Pipeline.php(103): Illuminate\\Pipeline\\Pipeline->Illuminate\\Pipeline\\{closure}(Object(Illuminate\\Http\\Request))
#23 C:\\Users\\Motamed\\Desktop\\GraduationProject\\AppApi\\vendor\\laravel\\framework\\src\\Illuminate\\Routing\\Router.php(695): Illuminate\\Pipeline\\Pipeline->then(Object(Closure))
#24 C:\\Users\\Motamed\\Desktop\\GraduationProject\\AppApi\\vendor\\laravel\\framework\\src\\Illuminate\\Routing\\Router.php(670): Illuminate\\Routing\\Router->runRouteWithinStack(Object(Illuminate\\Routing\\Route), Object(Illuminate\\Http\\Request))
#25 C:\\Users\\Motamed\\Desktop\\GraduationProject\\AppApi\\vendor\\laravel\\framework\\src\\Illuminate\\Routing\\Router.php(636): Illuminate\\Routing\\Router->runRoute(Object(Illuminate\\Http\\Request), Object(Illuminate\\Routing\\Route))
#26 C:\\Users\\Motamed\\Desktop\\GraduationProject\\AppApi\\vendor\\laravel\\framework\\src\\Illuminate\\Routing\\Router.php(625): Illuminate\\Routing\\Router->dispatchToRoute(Object(Illuminate\\Http\\Request))
#27 C:\\Users\\Motamed\\Desktop\\GraduationProject\\AppApi\\vendor\\laravel\\framework\\src\\Illuminate\\Foundation\\Http\\Kernel.php(166): Illuminate\\Routing\\Router->dispatch(Object(Illuminate\\Http\\Request))
#28 C:\\Users\\Motamed\\Desktop\\GraduationProject\\AppApi\\vendor\\laravel\\framework\\src\\Illuminate\\Pipeline\\Pipeline.php(128): Illuminate\\Foundation\\Http\\Kernel->Illuminate\\Foundation\\Http\\{closure}(Object(Illuminate\\Http\\Request))
#29 C:\\Users\\Motamed\\Desktop\\GraduationProject\\AppApi\\vendor\\laravel\\framework\\src\\Illuminate\\Foundation\\Http\\Middleware\\TransformsRequest.php(21): Illuminate\\Pipeline\\Pipeline->Illuminate\\Pipeline\\{closure}(Object(Illuminate\\Http\\Request))
#30 C:\\Users\\Motamed\\Desktop\\GraduationProject\\AppApi\\vendor\\laravel\\framework\\src\\Illuminate\\Pipeline\\Pipeline.php(167): Illuminate\\Foundation\\Http\\Middleware\\TransformsRequest->handle(Object(Illuminate\\Http\\Request), Object(Closure))
#31 C:\\Users\\Motamed\\Desktop\\GraduationProject\\AppApi\\vendor\\laravel\\framework\\src\\Illuminate\\Foundation\\Http\\Middleware\\TransformsRequest.php(21): Illuminate\\Pipeline\\Pipeline->Illuminate\\Pipeline\\{closure}(Object(Illuminate\\Http\\Request))
#32 C:\\Users\\Motamed\\Desktop\\GraduationProject\\AppApi\\vendor\\laravel\\framework\\src\\Illuminate\\Pipeline\\Pipeline.php(167): Illuminate\\Foundation\\Http\\Middleware\\TransformsRequest->handle(Object(Illuminate\\Http\\Request), Object(Closure))
#33 C:\\Users\\Motamed\\Desktop\\GraduationProject\\AppApi\\vendor\\laravel\\framework\\src\\Illuminate\\Foundation\\Http\\Middleware\\ValidatePostSize.php(27): Illuminate\\Pipeline\\Pipeline->Illuminate\\Pipeline\\{closure}(Object(Illuminate\\Http\\Request))
#34 C:\\Users\\Motamed\\Desktop\\GraduationProject\\AppApi\\vendor\\laravel\\framework\\src\\Illuminate\\Pipeline\\Pipeline.php(167): Illuminate\\Foundation\\Http\\Middleware\\ValidatePostSize->handle(Object(Illuminate\\Http\\Request), Object(Closure))
#35 C:\\Users\\Motamed\\Desktop\\GraduationProject\\AppApi\\vendor\\laravel\\framework\\src\\Illuminate\\Foundation\\Http\\Middleware\\PreventRequestsDuringMaintenance.php(86): Illuminate\\Pipeline\\Pipeline->Illuminate\\Pipeline\\{closure}(Object(Illuminate\\Http\\Request))
#36 C:\\Users\\Motamed\\Desktop\\GraduationProject\\AppApi\\vendor\\laravel\\framework\\src\\Illuminate\\Pipeline\\Pipeline.php(167): Illuminate\\Foundation\\Http\\Middleware\\PreventRequestsDuringMaintenance->handle(Object(Illuminate\\Http\\Request), Object(Closure))
#37 C:\\Users\\Motamed\\Desktop\\GraduationProject\\AppApi\\vendor\\fruitcake\\laravel-cors\\src\\HandleCors.php(37): Illuminate\\Pipeline\\Pipeline->Illuminate\\Pipeline\\{closure}(Object(Illuminate\\Http\\Request))
#38 C:\\Users\\Motamed\\Desktop\\GraduationProject\\AppApi\\vendor\\laravel\\framework\\src\\Illuminate\\Pipeline\\Pipeline.php(167): Fruitcake\\Cors\\HandleCors->handle(Object(Illuminate\\Http\\Request), Object(Closure))
#39 C:\\Users\\Motamed\\Desktop\\GraduationProject\\AppApi\\vendor\\fideloper\\proxy\\src\\TrustProxies.php(57): Illuminate\\Pipeline\\Pipeline->Illuminate\\Pipeline\\{closure}(Object(Illuminate\\Http\\Request))
#40 C:\\Users\\Motamed\\Desktop\\GraduationProject\\AppApi\\vendor\\laravel\\framework\\src\\Illuminate\\Pipeline\\Pipeline.php(167): Fideloper\\Proxy\\TrustProxies->handle(Object(Illuminate\\Http\\Request), Object(Closure))
#41 C:\\Users\\Motamed\\Desktop\\GraduationProject\\AppApi\\vendor\\laravel\\framework\\src\\Illuminate\\Pipeline\\Pipeline.php(103): Illuminate\\Pipeline\\Pipeline->Illuminate\\Pipeline\\{closure}(Object(Illuminate\\Http\\Request))
#42 C:\\Users\\Motamed\\Desktop\\GraduationProject\\AppApi\\vendor\\laravel\\framework\\src\\Illuminate\\Foundation\\Http\\Kernel.php(141): Illuminate\\Pipeline\\Pipeline->then(Object(Closure))
#43 C:\\Users\\Motamed\\Desktop\\GraduationProject\\AppApi\\vendor\\laravel\\framework\\src\\Illuminate\\Foundation\\Http\\Kernel.php(110): Illuminate\\Foundation\\Http\\Kernel->sendRequestThroughRouter(Object(Illuminate\\Http\\Request))
#44 C:\\Users\\Motamed\\Desktop\\GraduationProject\\AppApi\\public\\index.php(52): Illuminate\\Foundation\\Http\\Kernel->handle(Object(Illuminate\\Http\\Request))
#45 C:\\Users\\Motamed\\Desktop\\GraduationProject\\AppApi\\server.php(21): require_once('C:\\\\Users\\\\Motame...')
#46 {main}
"} 
[2021-05-07 13:56:21] local.INFO: array (
  'id' => '1',
)  
[2021-05-07 13:56:21] local.INFO: 3  
